17:49:54 谱仪连接成功

17:49:59 发送设置接收中心频率参数指令：
24 45 54 53 04 00 8B FF FF FF 00 00 21 72 00 00 10 0D 00 00 21 74 00 00 02 61 00 00 21 76 00 00 10 0D 00 00 21 78 00 00 
02 61 00 00 21 7A 00 00 10 0D 00 00 21 7C 00 00 02 61 00 00 21 7E 00 00 10 0D 00 00 21 80 00 00 02 61 00 00 21 82 00 00 
10 0D 00 00 21 84 00 00 02 61 00 00 21 86 00 00 10 0D 00 00 21 88 00 00 02 61 00 00 21 8A 00 00 10 0D 00 00 21 8C 00 00 
02 61 00 00 21 8E 00 00 10 0D 00 00 21 90 00 00 02 61 F6 
17:49:59 发送设置匀场参数指令：
24 45 54 53 04 00 1B FF FF FF 00 00 02 64 00 00 00 00 00 00 02 66 00 00 00 00 84 
17:49:59 发送设置匀场参数指令：
24 45 54 53 04 00 1B FF FF FF 00 00 02 E4 00 00 00 00 00 00 02 E6 00 00 00 00 84 
17:49:59 发送设置匀场参数指令：
24 45 54 53 04 00 1B FF FF FF 00 00 03 64 00 00 00 00 00 00 03 66 00 00 00 00 84 
17:49:59 发送Reset FPGA For Test 指令：
24 45 54 53 04 00 7B FF FF FF 00 00 06 02 00 00 00 01 00 00 06 02 00 00 00 00 00 00 0B 02 00 00 00 01 00 00 0B 02 00 00 
00 00 00 00 20 02 00 00 00 01 00 00 20 02 00 00 00 00 00 00 24 02 00 00 00 01 00 00 24 02 00 00 00 00 00 00 28 02 00 00 
00 01 00 00 28 02 00 00 00 00 00 00 2C 02 00 00 00 01 00 00 2C 02 00 00 00 00 00 00 00 02 00 00 00 01 00 00 00 02 00 00 
00 00 E7 
17:49:59 D:\seq\application_sequences\src\1pulse.fcode downed

17:49:59 发送设置seq clr指令：
24 45 54 53 04 00 E3 FF FF FF 00 00 00 00 00 00 00 00 00 00 01 00 00 00 00 01 00 00 01 00 00 00 00 00 00 00 02 26 00 00 
00 01 00 00 02 26 00 00 00 00 00 00 06 1E 00 00 00 01 00 00 06 1E 00 00 00 00 00 00 0B 1E 00 00 00 01 00 00 0B 1E 00 00 
00 00 00 00 20 20 00 00 00 01 00 00 20 20 00 00 00 00 00 00 24 20 00 00 00 01 00 00 24 20 00 00 00 00 00 00 28 20 00 00 
00 01 00 00 28 20 00 00 00 00 00 00 2C 20 00 00 00 01 00 00 2C 20 00 00 00 00 00 00 02 2E 00 00 00 00 00 00 06 26 00 00 
00 00 00 00 0B 26 00 00 00 00 00 00 20 28 00 00 00 00 00 00 24 28 00 00 00 00 00 00 28 28 00 00 00 00 00 00 2C 28 00 00 
00 00 00 00 01 08 00 00 00 00 00 00 01 20 00 00 00 00 00 00 01 34 00 00 00 00 42 
17:49:59 发送配置信息：
24 45 54 53 04 6C 1B FF FF FF 00 00 01 14 00 00 00 00 00 00 01 16 00 00 00 00 00 00 01 18 00 00 00 00 00 00 01 1A 00 00 
3F F0 00 00 01 1C 00 00 08 20 00 00 01 14 00 00 00 00 00 00 01 16 00 00 00 00 00 00 01 18 00 00 00 00 00 00 01 1A 00 00 
3F F0 00 00 01 1C 00 00 08 21 00 00 01 14 00 00 00 00 00 00 01 16 00 00 00 00 00 00 01 18 00 00 40 00 00 00 01 1A 00 00 
40 7F 00 00 01 1C 00 00 08 22 00 00 01 14 00 00 00 00 00 00 01 16 00 00 00 00 00 00 01 18 00 00 00 00 00 00 01 1A 00 00 
3F F0 00 00 01 1C 00 00 08 23 00 00 01 14 00 00 00 00 00 00 01 16 00 00 00 00 00 00 01 18 00 00 BE 00 00 00 01 1A 00 00 
40 AF 00 00 01 1C 00 00 0F FF 00 00 01 14 00 00 00 00 00 00 01 16 00 00 00 00 00 00 01 18 00 00 BE 00 00 00 01 1A 00 00 
40 AF 00 00 01 1C 00 00 0F FE 00 00 01 14 00 00 00 00 00 00 01 16 00 00 00 00 00 00 01 18 00 00 00 00 00 00 01 1A 00 00 
3F F0 00 00 01 1C 00 00 08 24 00 00 01 14 00 00 00 00 00 00 01 16 00 00 00 00 00 00 01 18 00 00 00 00 00 00 01 1A 00 00 
40 08 00 00 01 1C 00 00 08 25 00 00 01 14 00 00 00 00 00 00 01 16 00 00 00 00 00 00 01 18 00 00 00 00 00 00 01 1A 00 00 
40 18 00 00 01 1C 00 00 08 26 00 00 01 14 00 00 00 00 00 00 01 16 00 00 00 00 00 00 01 18 00 00 00 00 00 00 01 1A 00 00 
00 00 00 00 01 1C 00 00 08 27 00 00 01 14 00 00 00 00 00 00 01 16 00 00 00 00 00 00 01 18 00 00 00 00 00 00 01 1A 00 00 
00 00 00 00 01 1C 00 00 08 28 00 00 01 14 00 00 00 00 00 00 01 16 00 00 00 00 00 00 01 18 00 00 00 00 00 00 01 1A 00 00 
00 00 00 00 01 1C 00 00 08 29 00 00 01 14 00 00 00 00 00 00 01 16 00 00 00 00 00 00 01 18 00 00 6A 00 00 00 01 1A 00 00 
40 F8 00 00 01 1C 00 00 08 2A 00 00 01 14 00 00 00 00 00 00 01 16 00 00 00 00 00 00 01 18 00 00 00 00 00 00 01 1A 00 00 
40 22 00 00 01 1C 00 00 08 2B 00 00 01 14 00 00 00 00 00 00 01 16 00 00 00 00 00 00 01 18 00 00 00 00 00 00 01 1A 00 00 
00 00 00 00 01 1C 00 00 08 2C 00 00 01 14 00 00 00 00 00 00 01 16 00 00 00 00 00 00 01 18 00 00 00 00 00 00 01 1A 00 00 
40 24 00 00 01 1C 00 00 08 2D 00 00 01 14 00 00 00 00 00 00 01 16 00 00 00 00 00 00 01 18 00 00 C0 00 00 00 01 1A 00 00 
40 6B 00 00 01 1C 00 00 08 2E 00 00 01 14 00 00 00 00 00 00 01 16 00 00 00 00 00 00 01 18 00 00 00 00 00 00 01 1A 00 00 
40 59 00 00 01 1C 00 00 08 2F 00 00 01 1C 08 2F EF EF 00 00 01 02 00 00 4F FE 00 00 01 04 00 00 FE 82 00 00 01 06 00 00 
01 0F 00 00 01 02 00 00 2F FD 00 00 01 04 00 00 00 82 00 00 01 06 00 00 14 00 00 00 01 02 00 00 3F FE 00 00 01 04 00 00 
FE 82 00 00 01 06 00 00 01 0F 00 00 01 02 00 00 DF FE 00 00 01 04 00 00 00 FF 00 00 01 06 00 00 14 80 00 00 01 02 00 00 
1F FD 00 00 01 04 00 00 00 82 00 00 01 06 00 00 14 00 00 00 01 02 00 00 3F FE 00 00 01 04 00 00 FE 82 00 00 01 06 00 00 
01 0F 00 00 01 02 00 00 DF FE 00 00 01 04 00 00 00 FF 00 00 01 06 00 00 14 80 00 00 01 02 00 00 0F FD 00 00 01 04 00 00 
00 82 00 00 01 06 00 00 14 00 00 00 01 02 00 00 3F FE 00 00 01 04 00 00 FE 82 00 00 01 06 00 00 01 0F 00 00 01 02 00 00 
DF FE 00 00 01 04 00 00 00 FF 00 00 01 06 00 00 14 80 00 00 01 02 00 00 3F FE 00 00 01 04 00 00 FE 82 00 00 01 06 00 00 
01 0F 00 00 01 02 00 00 8F FE 00 00 01 04 00 00 00 FF 00 00 01 06 00 00 14 80 00 00 01 02 00 00 00 00 00 00 01 04 00 00 
00 01 00 00 01 06 00 00 0A 00 00 00 01 02 00 00 5F FA 00 00 01 04 00 00 00 82 00 00 01 06 00 00 14 00 00 00 01 02 00 00 
AF FE 00 00 01 04 00 00 FE FF 00 00 01 06 00 00 00 0F 00 00 01 02 00 00 DF FF 00 00 01 04 00 00 FF FF 00 00 01 06 00 00 
14 8F 00 00 01 02 00 00 3F FE 00 00 01 04 00 00 FE 82 00 00 01 06 00 00 01 0F 00 00 01 02 00 00 FF FE 00 00 01 04 00 00 
00 FF 00 00 01 06 00 00 14 80 00 00 01 02 00 00 EF FF 00 00 01 04 00 00 00 FF 00 00 01 06 00 00 14 00 00 00 01 02 00 00 
6F FE 00 00 01 04 00 00 FE 82 00 00 01 06 00 00 01 0F 00 00 01 02 00 00 9F FD 00 00 01 04 00 00 00 82 00 00 01 06 00 00 
14 00 00 00 01 02 00 00 D8 27 00 00 01 04 00 00 00 FF 00 00 01 06 00 00 14 00 00 00 01 02 00 00 3F FE 00 00 01 04 00 00 
FE 82 00 00 01 06 00 00 01 0F 00 00 01 02 00 00 8F FE 00 00 01 04 00 00 00 FF 00 00 01 06 00 00 14 80 00 00 01 02 00 00 
60 00 00 00 01 04 00 00 00 04 00 00 01 06 00 00 0A 00 00 00 01 02 00 00 9F FA 00 00 01 04 00 00 00 82 00 00 01 06 00 00 
14 00 00 00 01 02 00 00 AF FE 00 00 01 04 00 00 FE FF 00 00 01 06 00 00 00 0F 00 00 01 02 00 00 DF FF 00 00 01 04 00 00 
FF FF 00 00 01 06 00 00 14 8F 00 00 01 02 00 00 FF FD 00 00 01 04 00 00 04 FF 00 00 01 06 00 00 15 40 00 00 01 02 00 00 
AF FA 00 00 01 04 00 00 00 82 00 00 01 06 00 00 14 00 00 00 01 02 00 00 AF FD 00 00 01 04 00 00 FC FF 00 00 01 06 00 00 
02 0F 00 00 01 02 00 00 CF FF 00 00 01 04 00 00 FE FF 00 00 01 06 00 00 14 8F 00 00 01 02 00 00 EF FF 00 00 01 04 00 00 
00 FF 00 00 01 06 00 00 28 00 00 00 01 02 00 00 7F FD 00 00 01 04 00 00 00 82 00 00 01 06 00 00 14 00 00 00 01 02 00 00 
3F FA 00 00 01 04 00 00 00 82 00 00 01 06 00 00 14 00 00 00 01 02 00 00 AF FD 00 00 01 04 00 00 FC FF 00 00 01 06 00 00 
00 0F 00 00 01 02 00 00 CF FF 00 00 01 04 00 00 FD FF 00 00 01 06 00 00 14 8F 00 00 01 02 00 00 FF FD 00 00 01 04 00 00 
FD FF 00 00 01 06 00 00 15 4F 00 00 01 02 00 00 D8 27 00 00 01 04 00 00 00 FF 00 00 01 06 00 00 14 00 00 00 01 02 00 00 
7F FD 00 00 01 04 00 00 00 82 00 00 01 06 00 00 14 00 00 00 01 02 00 00 FF FA 00 00 01 04 00 00 02 FF 00 00 01 06 00 00 
15 40 00 00 01 02 00 00 FF FC 00 00 01 04 00 00 FC FF 00 00 01 06 00 00 15 4F 00 00 01 02 00 00 AF FD 00 00 01 04 00 00 
FC FF 00 00 01 06 00 00 18 8F 00 00 01 02 00 00 DF FC 00 00 01 04 00 00 00 02 00 00 01 06 00 00 08 00 00 00 01 02 00 00 
F0 00 00 00 01 04 00 00 00 02 00 00 01 06 00 00 0A 00 00 00 01 02 00 00 60 00 00 00 01 04 00 00 00 01 00 00 01 06 00 00 
0A 00 00 00 01 02 00 00 00 00 00 00 01 04 00 00 00 03 00 00 01 06 00 00 0A 00 00 00 01 02 00 00 00 00 00 00 01 04 00 00 
00 03 00 00 01 06 00 00 0A 00 00 00 01 02 00 00 8F FD 00 00 01 04 00 00 00 82 00 00 01 06 00 00 14 00 00 00 01 02 00 00 
3F FA 00 00 01 04 00 00 00 82 00 00 01 06 00 00 14 00 00 00 01 02 00 00 AF FD 00 00 01 04 00 00 FC FF 00 00 01 06 00 00 
00 0F 00 00 01 02 00 00 CF FF 00 00 01 04 00 00 FB FF 00 00 01 06 00 00 14 8F 00 00 01 02 00 00 FF FD 00 00 01 04 00 00 
FB FF 00 00 01 06 00 00 15 4F 00 00 01 02 00 00 D8 28 00 00 01 04 00 00 00 FF 00 00 01 06 00 00 14 00 00 00 01 02 00 00 
8F FD 00 00 01 04 00 00 00 82 00 00 01 06 00 00 14 00 00 00 01 02 00 00 FF FA 00 00 01 04 00 00 03 FF 00 00 01 06 00 00 
15 40 00 00 01 02 00 00 FF FC 00 00 01 04 00 00 FA FF 00 00 01 06 00 00 15 4F 00 00 01 02 00 00 AF FD 00 00 01 04 00 00 
FC FF 00 00 01 06 00 00 18 8F 00 00 01 02 00 00 CF FC 00 00 01 04 00 00 00 03 00 00 01 06 00 00 08 00 00 00 01 02 00 00 
E0 00 00 00 01 04 00 00 00 03 00 00 01 06 00 00 0A 00 00 00 01 02 00 00 40 00 00 00 01 04 00 00 00 01 00 00 01 06 00 00 
0A 00 00 00 01 02 00 00 F0 00 00 00 01 04 00 00 00 03 00 00 01 06 00 00 0A 00 00 00 01 02 00 00 F0 00 00 00 01 04 00 00 
00 03 00 00 01 06 00 00 0A 00 00 00 01 02 00 00 00 00 00 00 01 04 00 00 00 00 00 00 01 06 00 00 24 00 00 00 01 02 00 00 
FF FE 00 00 01 04 00 00 00 FF 00 00 01 06 00 00 14 00 00 00 01 02 00 00 EF FF 00 00 01 04 00 00 00 FF 00 00 01 06 00 00 
15 40 00 00 01 02 00 00 3F FE 00 00 01 04 00 00 FE 82 00 00 01 06 00 00 00 0F 00 00 01 02 00 00 EF F8 00 00 01 04 00 00 
00 FF 00 00 01 06 00 00 15 40 00 00 01 02 00 00 3F FE 00 00 01 04 00 00 FE 82 00 00 01 06 00 00 00 0F 00 00 01 02 00 00 
80 00 00 00 01 04 00 00 00 FF 00 00 01 06 00 00 0B 00 00 00 01 02 00 00 3F FE 00 00 01 04 00 00 FE 82 00 00 01 06 00 00 
01 0F 00 00 01 02 00 00 FF FE 00 00 01 04 00 00 00 FF 00 00 01 06 00 00 14 80 00 00 01 02 00 00 EF FF 00 00 01 04 00 00 
00 FF 00 00 01 06 00 00 14 00 00 00 01 02 00 00 BF FE 00 00 01 04 00 00 FE 82 00 00 01 06 00 00 01 0F 00 00 01 02 00 00 
CF FD 00 00 01 04 00 00 00 82 00 00 01 06 00 00 14 00 00 00 01 02 00 00 9F FA 00 00 01 04 00 00 00 82 00 00 01 06 00 00 
14 00 00 00 01 02 00 00 FF FC 00 00 01 04 00 00 FB FF 00 00 01 06 00 00 15 4F 00 00 01 02 00 00 AF FD 00 00 01 04 00 00 
FC FF 00 00 01 06 00 00 19 0F 00 00 01 02 00 00 0F FC 00 00 01 04 00 00 00 05 00 00 01 06 00 00 08 00 00 00 01 02 00 00 
30 00 00 00 01 04 00 00 00 06 00 00 01 06 00 00 0A 00 00 00 01 02 00 00 1F FD 00 00 01 04 00 00 00 00 00 00 01 06 00 00 
16 00 00 00 01 02 00 00 0F FD 00 00 01 04 00 00 00 00 00 00 01 06 00 00 2E 00 00 00 01 02 00 00 D8 2C 00 00 01 04 00 00 
00 FF 00 00 01 06 00 00 14 00 00 00 01 02 00 00 DF FD 00 00 01 04 00 00 00 82 00 00 01 06 00 00 14 00 00 00 01 02 00 00 
DF FF 00 00 01 04 00 00 FE FF 00 00 01 06 00 00 14 8F 00 00 01 02 00 00 AF FA 00 00 01 04 00 00 00 82 00 00 01 06 00 00 
14 00 00 00 01 02 00 00 AF FD 00 00 01 04 00 00 FC FF 00 00 01 06 00 00 02 0F 00 00 01 02 00 00 CF FF 00 00 01 04 00 00 
FA FF 00 00 01 06 00 00 14 8F 00 00 01 02 00 00 FF FD 00 00 01 04 00 00 FA FF 00 00 01 06 00 00 15 4F 00 00 01 02 00 00 
EF FA 00 00 01 04 00 00 00 82 00 00 01 06 00 00 14 00 00 00 01 02 00 00 AF FD 00 00 01 04 00 00 FC FF 00 00 01 06 00 00 
01 0F 00 00 01 02 00 00 CF FF 00 00 01 04 00 00 F9 FF 00 00 01 06 00 00 14 8F 00 00 01 02 00 00 FF FD 00 00 01 04 00 00 
F9 FF 00 00 01 06 00 00 15 4F 00 00 01 02 00 00 DF FF 00 00 01 04 00 00 FF FF 00 00 01 06 00 00 14 8F 00 00 01 02 00 00 
FF FF 00 00 01 04 00 00 00 FF 00 00 01 06 00 00 0C 00 00 00 01 02 00 00 0F FD 00 00 01 04 00 00 00 00 00 00 01 06 00 00 
16 00 00 00 01 02 00 00 3F FD 00 00 01 04 00 00 00 05 00 00 01 06 00 00 08 00 00 00 01 02 00 00 20 00 00 00 01 04 00 00 
00 06 00 00 01 06 00 00 0A 00 00 00 01 02 00 00 40 00 00 00 01 04 00 00 00 06 00 00 01 06 00 00 0A 00 00 00 01 02 00 00 
40 00 00 00 01 04 00 00 00 06 00 00 01 06 00 00 0A 00 00 00 01 02 00 00 00 00 00 00 01 04 00 00 00 00 00 00 01 06 00 00 
10 00 00 00 01 02 00 00 00 01 00 00 01 04 00 00 00 00 00 00 01 06 00 00 20 00 00 00 01 02 00 00 5F FD 00 00 01 04 00 00 
00 82 00 00 01 06 00 00 14 00 00 00 01 02 00 00 DF FF 00 00 01 04 00 00 FC FF 00 00 01 06 00 00 14 8F 00 00 01 02 00 00 
FF FA 00 00 01 04 00 00 00 82 00 00 01 06 00 00 14 00 00 00 01 02 00 00 AF FD 00 00 01 04 00 00 FC FF 00 00 01 06 00 00 
02 0F 00 00 01 02 00 00 CF FF 00 00 01 04 00 00 F8 FF 00 00 01 06 00 00 14 8F 00 00 01 02 00 00 FF FD 00 00 01 04 00 00 
F8 FF 00 00 01 06 00 00 15 4F 00 00 01 02 00 00 EF FA 00 00 01 04 00 00 00 82 00 00 01 06 00 00 14 00 00 00 01 02 00 00 
AF FD 00 00 01 04 00 00 FC FF 00 00 01 06 00 00 01 0F 00 00 01 02 00 00 CF FF 00 00 01 04 00 00 F7 FF 00 00 01 06 00 00 
14 8F 00 00 01 02 00 00 FF FD 00 00 01 04 00 00 F7 FF 00 00 01 06 00 00 15 4F 00 00 01 02 00 00 DF FF 00 00 01 04 00 00 
FD FF 00 00 01 06 00 00 14 8F 00 00 01 02 00 00 DF FF 00 00 01 04 00 00 00 FF 00 00 01 06 00 00 0C 00 00 00 01 02 00 00 
0F FD 00 00 01 04 00 00 00 00 00 00 01 06 00 00 16 00 00 00 01 02 00 00 6F FD 00 00 01 04 00 00 00 06 00 00 01 06 00 00 
08 00 00 00 01 02 00 00 50 00 00 00 01 04 00 00 00 07 00 00 01 06 00 00 0A 00 00 00 01 02 00 00 00 00 00 00 01 04 00 00 
00 00 00 00 01 06 00 00 1C 00 00 00 01 02 00 00 00 02 00 00 01 04 00 00 00 00 00 00 01 06 00 00 12 00 00 00 01 02 00 00 
00 01 00 00 01 04 00 00 00 00 00 00 01 06 00 00 20 00 00 00 01 02 00 00 FF FE 00 00 01 04 00 00 00 FF 00 00 01 06 00 00 
14 00 00 00 01 02 00 00 EF FF 00 00 01 04 00 00 00 FF 00 00 01 06 00 00 15 40 00 00 01 02 00 00 3F FE 00 00 01 04 00 00 
FE 82 00 00 01 06 00 00 00 0F 00 00 01 02 00 00 EF F8 00 00 01 04 00 00 00 FF 00 00 01 06 00 00 15 40 00 00 01 02 00 00 
3F FE 00 00 01 04 00 00 FE 82 00 00 01 06 00 00 00 0F 00 00 01 02 00 00 80 00 00 00 01 04 00 00 00 FF 00 00 01 06 00 00 
0B 00 00 00 02 3E 00 00 00 00 00 00 02 40 00 00 00 00 00 00 02 42 00 00 00 00 00 00 02 44 00 00 00 00 00 00 02 46 00 00 
08 20 00 00 02 3E 00 00 00 00 00 00 02 40 00 00 00 00 00 00 02 42 00 00 00 00 00 00 02 44 00 00 3F F0 00 00 02 46 00 00 
08 21 00 00 02 3E 00 00 00 00 00 00 02 40 00 00 00 00 00 00 02 42 00 00 BE 00 00 00 02 44 00 00 40 AF 00 00 02 46 00 00 
0F FF 00 00 02 3E 00 00 00 00 00 00 02 40 00 00 00 00 00 00 02 42 00 00 BE 00 00 00 02 44 00 00 40 AF 00 00 02 46 00 00 
0F FE 00 00 02 3E 00 00 00 00 00 00 02 40 00 00 00 00 00 00 02 42 00 00 00 00 00 00 02 44 00 00 40 1C 00 00 02 46 00 00 
08 22 00 00 02 3E 00 00 00 00 00 00 02 40 00 00 00 00 00 00 02 42 00 00 00 00 00 00 02 44 00 00 40 08 00 00 02 46 00 00 
08 23 00 00 02 3E 00 00 00 00 00 00 02 40 00 00 00 00 00 00 02 42 00 00 00 00 00 00 02 44 00 00 40 59 00 00 02 46 00 00 
08 24 00 00 02 3E 00 00 00 00 00 00 02 40 00 00 00 00 00 00 02 42 00 00 C0 00 00 00 02 44 00 00 40 6B 00 00 02 46 00 00 
08 25 00 00 02 3E 00 00 00 00 00 00 02 40 00 00 00 00 00 00 02 42 00 00 40 00 00 00 02 44 00 00 40 7F 00 00 02 46 00 00 
08 26 00 00 02 3E 00 00 00 00 00 00 02 40 00 00 00 00 00 00 02 42 00 00 40 00 00 00 02 44 00 00 40 9F 00 00 02 46 00 00 
08 27 00 00 02 3E 00 00 00 00 00 00 02 40 00 00 00 00 00 00 02 42 00 00 00 00 00 00 02 44 00 00 40 18 00 00 02 46 00 00 
08 28 00 00 02 3E 00 00 00 00 00 00 02 40 00 00 00 00 00 00 02 42 00 00 00 00 00 00 02 44 00 00 40 24 00 00 02 46 00 00 
08 29 00 00 02 3E 00 00 3D 71 00 00 02 40 00 00 D7 0A 00 00 02 42 00 00 90 A3 00 00 02 44 00 00 40 4A 00 00 02 46 00 00 
08 2A 00 00 02 3E 00 00 00 00 00 00 02 40 00 00 00 00 00 00 02 42 00 00 00 00 00 00 02 44 00 00 40 00 00 00 02 46 00 00 
08 2B 00 00 02 3E 00 00 00 00 00 00 02 40 00 00 00 00 00 00 02 42 00 00 00 00 00 00 02 44 00 00 40 38 00 00 02 46 00 00 
08 2C 00 00 02 3E 00 00 00 00 00 00 02 40 00 00 00 00 00 00 02 42 00 00 00 00 00 00 02 44 00 00 40 08 00 00 02 46 00 00 
08 2D 00 00 02 46 00 00 08 2D 00 00 02 28 00 00 2F FE 00 00 02 2A 00 00 FE 82 00 00 02 2C 00 00 01 0F 00 00 02 28 00 00 
3F FD 00 00 02 2A 00 00 00 82 00 00 02 2C 00 00 14 00 00 00 02 28 00 00 DF FF 00 00 02 2A 00 00 FF FF 00 00 02 2C 00 00 
14 8F 00 00 02 28 00 00 0F FD 00 00 02 2A 00 00 00 00 00 00 02 2C 00 00 16 00 00 00 02 28 00 00 DF FF 00 00 02 2A 00 00 
FE FF 00 00 02 2C 00 00 14 8F 00 00 02 28 00 00 F1 11 00 00 02 2A 00 00 FE FF 00 00 02 2C 00 00 15 4F 00 00 02 28 00 00 
0F FD 00 00 02 2A 00 00 00 00 00 00 02 2C 00 00 16 00 00 00 02 28 00 00 3F FD 00 00 02 2A 00 00 00 00 00 00 02 2C 00 00 
08 00 00 00 02 28 00 00 90 00 00 00 02 2A 00 00 00 00 00 00 02 2C 00 00 0A 00 00 00 02 28 00 00 00 01 00 00 02 2A 00 00 
00 00 00 00 02 2C 00 00 12 00 00 00 02 28 00 00 00 00 00 00 02 2A 00 00 00 00 00 00 02 2C 00 00 1C 00 00 00 02 28 00 00 
00 01 00 00 02 2A 00 00 00 00 00 00 02 2C 00 00 12 00 00 00 02 28 00 00 FF FD 00 00 02 2A 00 00 FF FF 00 00 02 2C 00 00 
15 4F 00 00 02 28 00 00 DF FF 00 00 02 2A 00 00 FC FF 00 00 02 2C 00 00 14 8F 00 00 02 28 00 00 4F FA 00 00 02 2A 00 00 
00 82 00 00 02 2C 00 00 14 00 00 00 02 28 00 00 AF FD 00 00 02 2A 00 00 FC FF 00 00 02 2C 00 00 02 0F 00 00 02 28 00 00 
CF FF 00 00 02 2A 00 00 FB FF 00 00 02 2C 00 00 14 8F 00 00 02 28 00 00 FF FD 00 00 02 2A 00 00 FB FF 00 00 02 2C 00 00 
15 4F 00 00 02 28 00 00 5F FA 00 00 02 2A 00 00 00 82 00 00 02 2C 00 00 14 00 00 00 02 28 00 00 AF FD 00 00 02 2A 00 00 
FC FF 00 00 02 2C 00 00 01 0F 00 00 02 28 00 00 CF FF 00 00 02 2A 00 00 FA FF 00 00 02 2C 00 00 14 8F 00 00 02 28 00 00 
FF FD 00 00 02 2A 00 00 FA FF 00 00 02 2C 00 00 15 4F 00 00 02 28 00 00 DF FF 00 00 02 2A 00 00 FD FF 00 00 02 2C 00 00 
14 8F 00 00 02 28 00 00 DF FF 00 00 02 2A 00 00 00 FF 00 00 02 2C 00 00 0C 00 00 00 02 28 00 00 0F FD 00 00 02 2A 00 00 
00 00 00 00 02 2C 00 00 16 00 00 00 02 28 00 00 CF FD 00 00 02 2A 00 00 00 00 00 00 02 2C 00 00 08 00 00 00 02 28 00 00 
B0 00 00 00 02 2A 00 00 00 01 00 00 02 2C 00 00 0A 00 00 00 02 28 00 00 0F FD 00 00 02 2A 00 00 00 82 00 00 02 2C 00 00 
14 00 00 00 02 28 00 00 1F FE 00 00 02 2A 00 00 FE 82 00 00 02 2C 00 00 01 0F 00 00 02 28 00 00 DF FE 00 00 02 2A 00 00 
00 FF 00 00 02 2C 00 00 14 80 00 00 02 28 00 00 6F FD 00 00 02 2A 00 00 00 82 00 00 02 2C 00 00 14 00 00 00 02 28 00 00 
1F FE 00 00 02 2A 00 00 FE 82 00 00 02 2C 00 00 01 0F 00 00 02 28 00 00 DF FE 00 00 02 2A 00 00 00 FF 00 00 02 2C 00 00 
14 80 00 00 02 28 00 00 6F FD 00 00 02 2A 00 00 00 82 00 00 02 2C 00 00 14 00 00 00 02 28 00 00 1F FE 00 00 02 2A 00 00 
FE 82 00 00 02 2C 00 00 01 0F 00 00 02 28 00 00 DF FE 00 00 02 2A 00 00 00 FF 00 00 02 2C 00 00 14 80 00 00 02 28 00 00 
7F FD 00 00 02 2A 00 00 00 82 00 00 02 2C 00 00 14 00 00 00 02 28 00 00 1F FE 00 00 02 2A 00 00 FE 82 00 00 02 2C 00 00 
01 0F 00 00 02 28 00 00 DF FE 00 00 02 2A 00 00 00 FF 00 00 02 2C 00 00 14 80 00 00 02 28 00 00 1F FD 00 00 02 2A 00 00 
00 00 00 00 02 2C 00 00 16 00 00 00 02 28 00 00 1F FE 00 00 02 2A 00 00 FE 82 00 00 02 2C 00 00 01 0F 00 00 02 28 00 00 
DF FE 00 00 02 2A 00 00 00 FF 00 00 02 2C 00 00 14 80 00 00 02 28 00 00 0F FD 00 00 02 2A 00 00 00 00 00 00 02 2C 00 00 
16 00 00 00 02 28 00 00 1F FE 00 00 02 2A 00 00 FE 82 00 00 02 2C 00 00 01 0F 00 00 02 28 00 00 DF FE 00 00 02 2A 00 00 
00 FF 00 00 02 2C 00 00 14 80 00 00 02 28 00 00 1F FE 00 00 02 2A 00 00 FE 82 00 00 02 2C 00 00 01 0F 00 00 02 28 00 00 
8F FE 00 00 02 2A 00 00 00 FF 00 00 02 2C 00 00 14 80 00 00 02 28 00 00 40 00 00 00 02 2A 00 00 00 03 00 00 02 2C 00 00 
0A 00 00 00 02 28 00 00 8F FA 00 00 02 2A 00 00 00 82 00 00 02 2C 00 00 14 00 00 00 02 28 00 00 AF FE 00 00 02 2A 00 00 
FE FF 00 00 02 2C 00 00 00 0F 00 00 02 28 00 00 DF FF 00 00 02 2A 00 00 F9 FF 00 00 02 2C 00 00 14 8F 00 00 02 28 00 00 
90 00 00 00 02 2A 00 00 00 00 00 00 02 2C 00 00 0A 00 00 00 02 28 00 00 1F FE 00 00 02 2A 00 00 FE 82 00 00 02 2C 00 00 
01 0F 00 00 02 28 00 00 FF FE 00 00 02 2A 00 00 00 FF 00 00 02 2C 00 00 14 80 00 00 02 28 00 00 EF FF 00 00 02 2A 00 00 
00 FF 00 00 02 2C 00 00 14 00 00 00 02 28 00 00 9F FE 00 00 02 2A 00 00 FE 82 00 00 02 2C 00 00 01 0F 00 00 02 28 00 00 
00 00 00 00 02 2A 00 00 00 00 00 00 02 2C 00 00 29 00 00 00 02 28 00 00 AF FD 00 00 02 2A 00 00 00 82 00 00 02 2C 00 00 
14 00 00 00 02 28 00 00 DF FF 00 00 02 2A 00 00 FC FF 00 00 02 2C 00 00 14 8F 00 00 02 28 00 00 FF FD 00 00 02 2A 00 00 
05 FF 00 00 02 2C 00 00 15 40 00 00 02 28 00 00 FF FA 00 00 02 2A 00 00 04 FF 00 00 02 2C 00 00 15 40 00 00 02 28 00 00 
AF FD 00 00 02 2A 00 00 FC FF 00 00 02 2C 00 00 00 0F 00 00 02 28 00 00 CF FF 00 00 02 2A 00 00 FB FF 00 00 02 2C 00 00 
14 8F 00 00 02 28 00 00 FF FD 00 00 02 2A 00 00 FB FF 00 00 02 2C 00 00 15 4F 00 00 02 28 00 00 DF FF 00 00 02 2A 00 00 
FF FF 00 00 02 2C 00 00 14 8F 00 00 02 28 00 00 4F FD 00 00 02 2A 00 00 00 82 00 00 02 2C 00 00 14 00 00 00 02 28 00 00 
1F FE 00 00 02 2A 00 00 FE 82 00 00 02 2C 00 00 01 0F 00 00 02 28 00 00 DF FE 00 00 02 2A 00 00 00 FF 00 00 02 2C 00 00 
14 80 00 00 02 28 00 00 FF FD 00 00 02 2A 00 00 FF FF 00 00 02 2C 00 00 15 4F 00 00 02 28 00 00 1F FE 00 00 02 2A 00 00 
FE 82 00 00 02 2C 00 00 01 0F 00 00 02 28 00 00 DF FE 00 00 02 2A 00 00 00 FF 00 00 02 2C 00 00 14 80 00 00 02 28 00 00 
1F FE 00 00 02 2A 00 00 FE 82 00 00 02 2C 00 00 01 0F 00 00 02 28 00 00 8F FE 00 00 02 2A 00 00 00 FF 00 00 02 2C 00 00 
14 80 00 00 02 28 00 00 90 00 00 00 02 2A 00 00 00 07 00 00 02 2C 00 00 0A 00 00 00 02 28 00 00 BF FA 00 00 02 2A 00 00 
00 82 00 00 02 2C 00 00 14 00 00 00 02 28 00 00 AF FE 00 00 02 2A 00 00 FE FF 00 00 02 2C 00 00 00 0F 00 00 02 28 00 00 
DF FF 00 00 02 2A 00 00 FA FF 00 00 02 2C 00 00 14 8F 00 00 02 28 00 00 DF FF 00 00 02 2A 00 00 FE FF 00 00 02 2C 00 00 
14 8F 00 00 02 28 00 00 4F FD 00 00 02 2A 00 00 00 82 00 00 02 2C 00 00 14 00 00 00 02 28 00 00 1F FE 00 00 02 2A 00 00 
FE 82 00 00 02 2C 00 00 01 0F 00 00 02 28 00 00 DF FE 00 00 02 2A 00 00 00 FF 00 00 02 2C 00 00 14 80 00 00 02 28 00 00 
FF FD 00 00 02 2A 00 00 06 FF 00 00 02 2C 00 00 15 40 00 00 02 28 00 00 1F FE 00 00 02 2A 00 00 FE 82 00 00 02 2C 00 00 
01 0F 00 00 02 28 00 00 DF FE 00 00 02 2A 00 00 00 FF 00 00 02 2C 00 00 14 80 00 00 02 28 00 00 1F FE 00 00 02 2A 00 00 
FE 82 00 00 02 2C 00 00 01 0F 00 00 02 28 00 00 8F FE 00 00 02 2A 00 00 00 FF 00 00 02 2C 00 00 14 80 00 00 02 28 00 00 
90 00 00 00 02 2A 00 00 00 07 00 00 02 2C 00 00 0A 00 00 00 02 28 00 00 BF FA 00 00 02 2A 00 00 00 82 00 00 02 2C 00 00 
14 00 00 00 02 28 00 00 AF FE 00 00 02 2A 00 00 FE FF 00 00 02 2C 00 00 00 0F 00 00 02 28 00 00 DF FF 00 00 02 2A 00 00 
F9 FF 00 00 02 2C 00 00 14 8F 00 00 02 28 00 00 DF FF 00 00 02 2A 00 00 FD FF 00 00 02 2C 00 00 14 8F 00 00 02 28 00 00 
F1 B0 00 00 02 2A 00 00 07 FF 00 00 02 2C 00 00 15 40 00 00 02 28 00 00 FF FD 00 00 02 2A 00 00 FC FF 00 00 02 2C 00 00 
15 4F 00 00 02 28 00 00 4F FA 00 00 02 2A 00 00 00 82 00 00 02 2C 00 00 14 00 00 00 02 28 00 00 AF FD 00 00 02 2A 00 00 
FC FF 00 00 02 2C 00 00 02 0F 00 00 02 28 00 00 CF FF 00 00 02 2A 00 00 F8 FF 00 00 02 2C 00 00 14 8F 00 00 02 28 00 00 
8F FF 00 00 02 2A 00 00 00 FF 00 00 02 2C 00 00 28 00 00 00 02 28 00 00 F1 27 00 00 02 2A 00 00 02 FF 00 00 02 2C 00 00 
15 40 00 00 02 28 00 00 00 00 00 00 02 2A 00 00 00 00 00 00 02 2C 00 00 29 00 00 00 02 28 00 00 11 01 00 00 02 2A 00 00 
00 00 00 00 02 2C 00 00 16 00 00 00 02 28 00 00 FF FD 00 00 02 2A 00 00 FE FF 00 00 02 2C 00 00 15 4F 00 00 02 28 00 00 
CF FA 00 00 02 2A 00 00 00 82 00 00 02 2C 00 00 14 00 00 00 02 28 00 00 AF FD 00 00 02 2A 00 00 FC FF 00 00 02 2C 00 00 
01 0F 00 00 02 28 00 00 CF FF 00 00 02 2A 00 00 F7 FF 00 00 02 2C 00 00 14 8F 00 00 02 28 00 00 7F FF 00 00 02 2A 00 00 
00 FF 00 00 02 2C 00 00 28 00 00 00 02 28 00 00 00 00 00 00 02 2A 00 00 00 00 00 00 02 2C 00 00 2A 00 00 00 02 28 00 00 
F1 27 00 00 02 2A 00 00 03 FF 00 00 02 2C 00 00 15 40 00 00 02 28 00 00 00 00 00 00 02 2A 00 00 00 00 00 00 02 2C 00 00 
29 00 00 00 02 28 00 00 11 01 00 00 02 2A 00 00 00 00 00 00 02 2C 00 00 16 00 00 00 02 28 00 00 FF FD 00 00 02 2A 00 00 
FD FF 00 00 02 2C 00 00 15 4F 00 00 02 28 00 00 CF FA 00 00 02 2A 00 00 00 82 00 00 02 2C 00 00 14 00 00 00 02 28 00 00 
AF FD 00 00 02 2A 00 00 FC FF 00 00 02 2C 00 00 01 0F 00 00 02 28 00 00 CF FF 00 00 02 2A 00 00 F6 FF 00 00 02 2C 00 00 
14 8F 00 00 02 28 00 00 6F FF 00 00 02 2A 00 00 00 FF 00 00 02 2C 00 00 28 00 00 00 02 28 00 00 00 00 00 00 02 2A 00 00 
00 00 00 00 02 2C 00 00 2A 00 00 00 02 28 00 00 FF FE 00 00 02 2A 00 00 00 FF 00 00 02 2C 00 00 14 00 00 00 02 28 00 00 
EF FF 00 00 02 2A 00 00 00 FF 00 00 02 2C 00 00 15 40 00 00 02 28 00 00 1F FE 00 00 02 2A 00 00 FE 82 00 00 02 2C 00 00 
00 0F 00 00 02 28 00 00 EF F8 00 00 02 2A 00 00 00 FF 00 00 02 2C 00 00 15 40 00 00 02 28 00 00 1F FE 00 00 02 2A 00 00 
FE 82 00 00 02 2C 00 00 00 0F 00 00 02 28 00 00 80 00 00 00 02 2A 00 00 00 FF 00 00 02 2C 00 00 0B 00 00 00 02 28 00 00 
1F FE 00 00 02 2A 00 00 FE 82 00 00 02 2C 00 00 01 0F 00 00 02 28 00 00 FF FE 00 00 02 2A 00 00 00 FF 00 00 02 2C 00 00 
14 80 00 00 02 28 00 00 EF FF 00 00 02 2A 00 00 00 FF 00 00 02 2C 00 00 14 00 00 00 02 28 00 00 DF FE 00 00 02 2A 00 00 
FE 82 00 00 02 2C 00 00 01 0F 00 00 02 28 00 00 FF FD 00 00 02 2A 00 00 02 FF 00 00 02 2C 00 00 15 40 00 00 02 28 00 00 
FF FA 00 00 02 2A 00 00 03 FF 00 00 02 2C 00 00 15 40 00 00 02 28 00 00 AF FD 00 00 02 2A 00 00 FC FF 00 00 02 2C 00 00 
02 0F 00 00 02 28 00 00 CF FF 00 00 02 2A 00 00 FD FF 00 00 02 2C 00 00 14 8F 00 00 02 28 00 00 FF FD 00 00 02 2A 00 00 
FD FF 00 00 02 2C 00 00 15 4F 00 00 02 28 00 00 DF FF 00 00 02 2A 00 00 FF FF 00 00 02 2C 00 00 14 8F 00 00 02 28 00 00 
DF FF 00 00 02 2A 00 00 FE FF 00 00 02 2C 00 00 14 8F 00 00 02 28 00 00 50 00 00 00 02 2A 00 00 00 08 00 00 02 2C 00 00 
0A 00 00 00 02 28 00 00 FF FD 00 00 02 2A 00 00 FE FF 00 00 02 2C 00 00 15 4F 00 00 02 28 00 00 FF FE 00 00 02 2A 00 00 
00 FF 00 00 02 2C 00 00 14 00 00 00 02 28 00 00 EF FF 00 00 02 2A 00 00 00 FF 00 00 02 2C 00 00 15 40 00 00 02 28 00 00 
1F FE 00 00 02 2A 00 00 FE 82 00 00 02 2C 00 00 00 0F 00 00 02 28 00 00 EF F8 00 00 02 2A 00 00 00 FF 00 00 02 2C 00 00 
15 40 00 00 02 28 00 00 1F FE 00 00 02 2A 00 00 FE 82 00 00 02 2C 00 00 00 0F 00 00 02 28 00 00 80 00 00 00 02 2A 00 00 
00 FF 00 00 02 2C 00 00 0B 00 00 00 04 5C 00 00 00 00 00 00 04 5E 00 00 00 00 00 00 04 60 00 00 00 00 00 00 04 62 00 00 
00 00 00 00 04 64 00 00 08 20 00 00 04 5C 00 00 00 00 00 00 04 5E 00 00 00 00 00 00 04 60 00 00 00 00 00 00 04 62 00 00 
3F F0 00 00 04 64 00 00 08 21 00 00 04 5C 00 00 00 00 00 00 04 5E 00 00 00 00 00 00 04 60 00 00 BE 00 00 00 04 62 00 00 
40 AF 00 00 04 64 00 00 0F FF 00 00 04 5C 00 00 00 00 00 00 04 5E 00 00 00 00 00 00 04 60 00 00 BE 00 00 00 04 62 00 00 
40 AF 00 00 04 64 00 00 0F FE 00 00 04 5C 00 00 00 00 00 00 04 5E 00 00 00 00 00 00 04 60 00 00 00 00 00 00 04 62 00 00 
40 18 00 00 04 64 00 00 08 22 00 00 04 5C 00 00 00 00 00 00 04 5E 00 00 00 00 00 00 04 60 00 00 00 00 00 00 04 62 00 00 
40 08 00 00 04 64 00 00 08 23 00 00 04 5C 00 00 00 00 00 00 04 5E 00 00 00 00 00 00 04 60 00 00 00 00 00 00 04 62 00 00 
40 59 00 00 04 64 00 00 08 24 00 00 04 5C 00 00 00 00 00 00 04 5E 00 00 00 00 00 00 04 60 00 00 C0 00 00 00 04 62 00 00 
40 6B 00 00 04 64 00 00 08 25 00 00 04 5C 00 00 00 00 00 00 04 5E 00 00 00 00 00 00 04 60 00 00 40 00 00 00 04 62 00 00 
40 7F 00 00 04 64 00 00 08 26 00 00 04 5C 00 00 00 00 00 00 04 5E 00 00 00 00 00 00 04 60 00 00 40 00 00 00 04 62 00 00 
40 9F 00 00 04 64 00 00 08 27 00 00 04 5C 00 00 00 00 00 00 04 5E 00 00 00 00 00 00 04 60 00 00 00 00 00 00 04 62 00 00 
40 24 00 00 04 64 00 00 08 28 00 00 04 5C 00 00 3D 71 00 00 04 5E 00 00 D7 0A 00 00 04 60 00 00 90 A3 00 00 04 62 00 00 
40 4A 00 00 04 64 00 00 08 29 00 00 04 5C 00 00 00 00 00 00 04 5E 00 00 00 00 00 00 04 60 00 00 00 00 00 00 04 62 00 00 
40 00 00 00 04 64 00 00 08 2A 00 00 04 5C 00 00 00 00 00 00 04 5E 00 00 00 00 00 00 04 60 00 00 00 00 00 00 04 62 00 00 
40 38 00 00 04 64 00 00 08 2B 00 00 04 5C 00 00 00 00 00 00 04 5E 00 00 00 00 00 00 04 60 00 00 00 00 00 00 04 62 00 00 
40 08 00 00 04 64 00 00 08 2C 00 00 04 64 00 00 08 2C 00 00 04 48 00 00 2F FE 00 00 04 4A 00 00 FE 82 00 00 04 4C 00 00 
01 0F 00 00 04 48 00 00 3F FD 00 00 04 4A 00 00 00 82 00 00 04 4C 00 00 14 00 00 00 04 48 00 00 DF FF 00 00 04 4A 00 00 
FF FF 00 00 04 4C 00 00 14 8F 00 00 04 48 00 00 00 01 00 00 04 4A 00 00 00 00 00 00 04 4C 00 00 12 00 00 00 04 48 00 00 
00 00 00 00 04 4A 00 00 00 00 00 00 04 4C 00 00 1C 00 00 00 04 48 00 00 00 01 00 00 04 4A 00 00 00 00 00 00 04 4C 00 00 
12 00 00 00 04 48 00 00 FF FD 00 00 04 4A 00 00 FF FF 00 00 04 4C 00 00 15 4F 00 00 04 48 00 00 DF FF 00 00 04 4A 00 00 
FD FF 00 00 04 4C 00 00 14 8F 00 00 04 48 00 00 4F FA 00 00 04 4A 00 00 00 82 00 00 04 4C 00 00 14 00 00 00 04 48 00 00 
AF FD 00 00 04 4A 00 00 FC FF 00 00 04 4C 00 00 02 0F 00 00 04 48 00 00 CF FF 00 00 04 4A 00 00 FC FF 00 00 04 4C 00 00 
14 8F 00 00 04 48 00 00 FF FD 00 00 04 4A 00 00 FC FF 00 00 04 4C 00 00 15 4F 00 00 04 48 00 00 5F FA 00 00 04 4A 00 00 
00 82 00 00 04 4C 00 00 14 00 00 00 04 48 00 00 AF FD 00 00 04 4A 00 00 FC FF 00 00 04 4C 00 00 01 0F 00 00 04 48 00 00 
CF FF 00 00 04 4A 00 00 FB FF 00 00 04 4C 00 00 14 8F 00 00 04 48 00 00 FF FD 00 00 04 4A 00 00 FB FF 00 00 04 4C 00 00 
15 4F 00 00 04 48 00 00 DF FF 00 00 04 4A 00 00 FE FF 00 00 04 4C 00 00 14 8F 00 00 04 48 00 00 EF FF 00 00 04 4A 00 00 
00 FF 00 00 04 4C 00 00 0C 00 00 00 04 48 00 00 0F FD 00 00 04 4A 00 00 00 00 00 00 04 4C 00 00 16 00 00 00 04 48 00 00 
6F FD 00 00 04 4A 00 00 00 00 00 00 04 4C 00 00 08 00 00 00 04 48 00 00 50 00 00 00 04 4A 00 00 00 01 00 00 04 4C 00 00 
0A 00 00 00 04 48 00 00 0F FD 00 00 04 4A 00 00 00 82 00 00 04 4C 00 00 14 00 00 00 04 48 00 00 1F FE 00 00 04 4A 00 00 
FE 82 00 00 04 4C 00 00 01 0F 00 00 04 48 00 00 DF FE 00 00 04 4A 00 00 00 FF 00 00 04 4C 00 00 14 80 00 00 04 48 00 00 
6F FD 00 00 04 4A 00 00 00 82 00 00 04 4C 00 00 14 00 00 00 04 48 00 00 1F FE 00 00 04 4A 00 00 FE 82 00 00 04 4C 00 00 
01 0F 00 00 04 48 00 00 DF FE 00 00 04 4A 00 00 00 FF 00 00 04 4C 00 00 14 80 00 00 04 48 00 00 6F FD 00 00 04 4A 00 00 
00 82 00 00 04 4C 00 00 14 00 00 00 04 48 00 00 1F FE 00 00 04 4A 00 00 FE 82 00 00 04 4C 00 00 01 0F 00 00 04 48 00 00 
DF FE 00 00 04 4A 00 00 00 FF 00 00 04 4C 00 00 14 80 00 00 04 48 00 00 7F FD 00 00 04 4A 00 00 00 82 00 00 04 4C 00 00 
14 00 00 00 04 48 00 00 1F FE 00 00 04 4A 00 00 FE 82 00 00 04 4C 00 00 01 0F 00 00 04 48 00 00 DF FE 00 00 04 4A 00 00 
00 FF 00 00 04 4C 00 00 14 80 00 00 04 48 00 00 1F FD 00 00 04 4A 00 00 00 00 00 00 04 4C 00 00 16 00 00 00 04 48 00 00 
1F FE 00 00 04 4A 00 00 FE 82 00 00 04 4C 00 00 01 0F 00 00 04 48 00 00 DF FE 00 00 04 4A 00 00 00 FF 00 00 04 4C 00 00 
14 80 00 00 04 48 00 00 0F FD 00 00 04 4A 00 00 00 00 00 00 04 4C 00 00 16 00 00 00 04 48 00 00 1F FE 00 00 04 4A 00 00 
FE 82 00 00 04 4C 00 00 01 0F 00 00 04 48 00 00 DF FE 00 00 04 4A 00 00 00 FF 00 00 04 4C 00 00 14 80 00 00 04 48 00 00 
1F FE 00 00 04 4A 00 00 FE 82 00 00 04 4C 00 00 01 0F 00 00 04 48 00 00 8F FE 00 00 04 4A 00 00 00 FF 00 00 04 4C 00 00 
14 80 00 00 04 48 00 00 E0 00 00 00 04 4A 00 00 00 02 00 00 04 4C 00 00 0A 00 00 00 04 48 00 00 2F FA 00 00 04 4A 00 00 
00 82 00 00 04 4C 00 00 14 00 00 00 04 48 00 00 AF FE 00 00 04 4A 00 00 FE FF 00 00 04 4C 00 00 00 0F 00 00 04 48 00 00 
DF FF 00 00 04 4A 00 00 FA FF 00 00 04 4C 00 00 14 8F 00 00 04 48 00 00 30 00 00 00 04 4A 00 00 00 00 00 00 04 4C 00 00 
0A 00 00 00 04 48 00 00 1F FE 00 00 04 4A 00 00 FE 82 00 00 04 4C 00 00 01 0F 00 00 04 48 00 00 FF FE 00 00 04 4A 00 00 
00 FF 00 00 04 4C 00 00 14 80 00 00 04 48 00 00 EF FF 00 00 04 4A 00 00 00 FF 00 00 04 4C 00 00 14 00 00 00 04 48 00 00 
8F FE 00 00 04 4A 00 00 FE 82 00 00 04 4C 00 00 01 0F 00 00 04 48 00 00 00 00 00 00 04 4A 00 00 00 00 00 00 04 4C 00 00 
29 00 00 00 04 48 00 00 9F FD 00 00 04 4A 00 00 00 82 00 00 04 4C 00 00 14 00 00 00 04 48 00 00 DF FF 00 00 04 4A 00 00 
FC FF 00 00 04 4C 00 00 14 8F 00 00 04 48 00 00 FF FD 00 00 04 4A 00 00 05 FF 00 00 04 4C 00 00 15 40 00 00 04 48 00 00 
FF FA 00 00 04 4A 00 00 04 FF 00 00 04 4C 00 00 15 40 00 00 04 48 00 00 AF FD 00 00 04 4A 00 00 FC FF 00 00 04 4C 00 00 
00 0F 00 00 04 48 00 00 CF FF 00 00 04 4A 00 00 FB FF 00 00 04 4C 00 00 14 8F 00 00 04 48 00 00 FF FD 00 00 04 4A 00 00 
FB FF 00 00 04 4C 00 00 15 4F 00 00 04 48 00 00 DF FF 00 00 04 4A 00 00 FF FF 00 00 04 4C 00 00 14 8F 00 00 04 48 00 00 
4F FD 00 00 04 4A 00 00 00 82 00 00 04 4C 00 00 14 00 00 00 04 48 00 00 1F FE 00 00 04 4A 00 00 FE 82 00 00 04 4C 00 00 
01 0F 00 00 04 48 00 00 DF FE 00 00 04 4A 00 00 00 FF 00 00 04 4C 00 00 14 80 00 00 04 48 00 00 FF FD 00 00 04 4A 00 00 
FF FF 00 00 04 4C 00 00 15 4F 00 00 04 48 00 00 1F FE 00 00 04 4A 00 00 FE 82 00 00 04 4C 00 00 01 0F 00 00 04 48 00 00 
DF FE 00 00 04 4A 00 00 00 FF 00 00 04 4C 00 00 14 80 00 00 04 48 00 00 1F FE 00 00 04 4A 00 00 FE 82 00 00 04 4C 00 00 
01 0F 00 00 04 48 00 00 8F FE 00 00 04 4A 00 00 00 FF 00 00 04 4C 00 00 14 80 00 00 04 48 00 00 30 00 00 00 04 4A 00 00 
00 07 00 00 04 4C 00 00 0A 00 00 00 04 48 00 00 AF FA 00 00 04 4A 00 00 00 82 00 00 04 4C 00 00 14 00 00 00 04 48 00 00 
AF FE 00 00 04 4A 00 00 FE FF 00 00 04 4C 00 00 00 0F 00 00 04 48 00 00 DF FF 00 00 04 4A 00 00 FA FF 00 00 04 4C 00 00 
14 8F 00 00 04 48 00 00 DF FF 00 00 04 4A 00 00 FE FF 00 00 04 4C 00 00 14 8F 00 00 04 48 00 00 4F FD 00 00 04 4A 00 00 
00 82 00 00 04 4C 00 00 14 00 00 00 04 48 00 00 1F FE 00 00 04 4A 00 00 FE 82 00 00 04 4C 00 00 01 0F 00 00 04 48 00 00 
DF FE 00 00 04 4A 00 00 00 FF 00 00 04 4C 00 00 14 80 00 00 04 48 00 00 FF FD 00 00 04 4A 00 00 06 FF 00 00 04 4C 00 00 
15 40 00 00 04 48 00 00 1F FE 00 00 04 4A 00 00 FE 82 00 00 04 4C 00 00 01 0F 00 00 04 48 00 00 DF FE 00 00 04 4A 00 00 
00 FF 00 00 04 4C 00 00 14 80 00 00 04 48 00 00 1F FE 00 00 04 4A 00 00 FE 82 00 00 04 4C 00 00 01 0F 00 00 04 48 00 00 
8F FE 00 00 04 4A 00 00 00 FF 00 00 04 4C 00 00 14 80 00 00 04 48 00 00 30 00 00 00 04 4A 00 00 00 07 00 00 04 4C 00 00 
0A 00 00 00 04 48 00 00 AF FA 00 00 04 4A 00 00 00 82 00 00 04 4C 00 00 14 00 00 00 04 48 00 00 AF FE 00 00 04 4A 00 00 
FE FF 00 00 04 4C 00 00 00 0F 00 00 04 48 00 00 DF FF 00 00 04 4A 00 00 F9 FF 00 00 04 4C 00 00 14 8F 00 00 04 48 00 00 
DF FF 00 00 04 4A 00 00 FD FF 00 00 04 4C 00 00 14 8F 00 00 04 48 00 00 F1 B0 00 00 04 4A 00 00 07 FF 00 00 04 4C 00 00 
15 40 00 00 04 48 00 00 FF FD 00 00 04 4A 00 00 FC FF 00 00 04 4C 00 00 15 4F 00 00 04 48 00 00 4F FA 00 00 04 4A 00 00 
00 82 00 00 04 4C 00 00 14 00 00 00 04 48 00 00 AF FD 00 00 04 4A 00 00 FC FF 00 00 04 4C 00 00 02 0F 00 00 04 48 00 00 
CF FF 00 00 04 4A 00 00 F8 FF 00 00 04 4C 00 00 14 8F 00 00 04 48 00 00 8F FF 00 00 04 4A 00 00 00 FF 00 00 04 4C 00 00 
28 00 00 00 04 48 00 00 F1 27 00 00 04 4A 00 00 02 FF 00 00 04 4C 00 00 15 40 00 00 04 48 00 00 00 00 00 00 04 4A 00 00 
00 00 00 00 04 4C 00 00 29 00 00 00 04 48 00 00 11 01 00 00 04 4A 00 00 00 00 00 00 04 4C 00 00 16 00 00 00 04 48 00 00 
FF FD 00 00 04 4A 00 00 FE FF 00 00 04 4C 00 00 15 4F 00 00 04 48 00 00 BF FA 00 00 04 4A 00 00 00 82 00 00 04 4C 00 00 
14 00 00 00 04 48 00 00 AF FD 00 00 04 4A 00 00 FC FF 00 00 04 4C 00 00 01 0F 00 00 04 48 00 00 CF FF 00 00 04 4A 00 00 
F7 FF 00 00 04 4C 00 00 14 8F 00 00 04 48 00 00 7F FF 00 00 04 4A 00 00 00 FF 00 00 04 4C 00 00 28 00 00 00 04 48 00 00 
00 00 00 00 04 4A 00 00 00 00 00 00 04 4C 00 00 2A 00 00 00 04 48 00 00 F1 27 00 00 04 4A 00 00 03 FF 00 00 04 4C 00 00 
15 40 00 00 04 48 00 00 00 00 00 00 04 4A 00 00 00 00 00 00 04 4C 00 00 29 00 00 00 04 48 00 00 11 01 00 00 04 4A 00 00 
00 00 00 00 04 4C 00 00 16 00 00 00 04 48 00 00 FF FD 00 00 04 4A 00 00 FD FF 00 00 04 4C 00 00 15 4F 00 00 04 48 00 00 
BF FA 00 00 04 4A 00 00 00 82 00 00 04 4C 00 00 14 00 00 00 04 48 00 00 AF FD 00 00 04 4A 00 00 FC FF 00 00 04 4C 00 00 
01 0F 00 00 04 48 00 00 CF FF 00 00 04 4A 00 00 F6 FF 00 00 04 4C 00 00 14 8F 00 00 04 48 00 00 6F FF 00 00 04 4A 00 00 
00 FF 00 00 04 4C 00 00 28 00 00 00 04 48 00 00 00 00 00 00 04 4A 00 00 00 00 00 00 04 4C 00 00 2A 00 00 00 04 48 00 00 
FF FE 00 00 04 4A 00 00 00 FF 00 00 04 4C 00 00 14 00 00 00 04 48 00 00 EF FF 00 00 04 4A 00 00 00 FF 00 00 04 4C 00 00 
15 40 00 00 04 48 00 00 1F FE 00 00 04 4A 00 00 FE 82 00 00 04 4C 00 00 00 0F 00 00 04 48 00 00 EF F8 00 00 04 4A 00 00 
00 FF 00 00 04 4C 00 00 15 40 00 00 04 48 00 00 1F FE 00 00 04 4A 00 00 FE 82 00 00 04 4C 00 00 00 0F 00 00 04 48 00 00 
80 00 00 00 04 4A 00 00 00 FF 00 00 04 4C 00 00 0B 00 00 00 04 48 00 00 1F FE 00 00 04 4A 00 00 FE 82 00 00 04 4C 00 00 
01 0F 00 00 04 48 00 00 FF FE 00 00 04 4A 00 00 00 FF 00 00 04 4C 00 00 14 80 00 00 04 48 00 00 EF FF 00 00 04 4A 00 00 
00 FF 00 00 04 4C 00 00 14 00 00 00 04 48 00 00 CF FE 00 00 04 4A 00 00 FE 82 00 00 04 4C 00 00 01 0F 00 00 04 48 00 00 
FF FD 00 00 04 4A 00 00 02 FF 00 00 04 4C 00 00 15 40 00 00 04 48 00 00 FF FA 00 00 04 4A 00 00 03 FF 00 00 04 4C 00 00 
15 40 00 00 04 48 00 00 AF FD 00 00 04 4A 00 00 FC FF 00 00 04 4C 00 00 02 0F 00 00 04 48 00 00 CF FF 00 00 04 4A 00 00 
FD FF 00 00 04 4C 00 00 14 8F 00 00 04 48 00 00 FF FD 00 00 04 4A 00 00 FD FF 00 00 04 4C 00 00 15 4F 00 00 04 48 00 00 
DF FF 00 00 04 4A 00 00 FF FF 00 00 04 4C 00 00 14 8F 00 00 04 48 00 00 DF FF 00 00 04 4A 00 00 FE FF 00 00 04 4C 00 00 
14 8F 00 00 04 48 00 00 F0 00 00 00 04 4A 00 00 00 07 00 00 04 4C 00 00 0A 00 00 00 04 48 00 00 FF FD 00 00 04 4A 00 00 
FE FF 00 00 04 4C 00 00 15 4F 00 00 04 48 00 00 FF FE 00 00 04 4A 00 00 00 FF 00 00 04 4C 00 00 14 00 00 00 04 48 00 00 
EF FF 00 00 04 4A 00 00 00 FF 00 00 04 4C 00 00 15 40 00 00 04 48 00 00 1F FE 00 00 04 4A 00 00 FE 82 00 00 04 4C 00 00 
00 0F 00 00 04 48 00 00 EF F8 00 00 04 4A 00 00 00 FF 00 00 04 4C 00 00 15 40 00 00 04 48 00 00 1F FE 00 00 04 4A 00 00 
FE 82 00 00 04 4C 00 00 00 0F 00 00 04 48 00 00 80 00 00 00 04 4A 00 00 00 FF 00 00 04 4C 00 00 0B 00 00 00 04 9C 00 00 
00 00 00 00 04 9E 00 00 00 00 00 00 04 A0 00 00 00 00 00 00 04 A2 00 00 00 00 00 00 04 A4 00 00 08 20 00 00 04 9C 00 00 
00 00 00 00 04 9E 00 00 00 00 00 00 04 A0 00 00 00 00 00 00 04 A2 00 00 3F F0 00 00 04 A4 00 00 08 21 00 00 04 9C 00 00 
00 00 00 00 04 9E 00 00 00 00 00 00 04 A0 00 00 BE 00 00 00 04 A2 00 00 40 AF 00 00 04 A4 00 00 0F FF 00 00 04 9C 00 00 
00 00 00 00 04 9E 00 00 00 00 00 00 04 A0 00 00 BE 00 00 00 04 A2 00 00 40 AF 00 00 04 A4 00 00 0F FE 00 00 04 9C 00 00 
00 00 00 00 04 9E 00 00 00 00 00 00 04 A0 00 00 00 00 00 00 04 A2 00 00 40 18 00 00 04 A4 00 00 08 22 00 00 04 9C 00 00 
00 00 00 00 04 9E 00 00 00 00 00 00 04 A0 00 00 00 00 00 00 04 A2 00 00 40 08 00 00 04 A4 00 00 08 23 00 00 04 9C 00 00 
00 00 00 00 04 9E 00 00 00 00 00 00 04 A0 00 00 00 00 00 00 04 A2 00 00 40 59 00 00 04 A4 00 00 08 24 00 00 04 9C 00 00 
00 00 00 00 04 9E 00 00 00 00 00 00 04 A0 00 00 C0 00 00 00 04 A2 00 00 40 6B 00 00 04 A4 00 00 08 25 00 00 04 9C 00 00 
00 00 00 00 04 9E 00 00 00 00 00 00 04 A0 00 00 40 00 00 00 04 A2 00 00 40 7F 00 00 04 A4 00 00 08 26 00 00 04 9C 00 00 
00 00 00 00 04 9E 00 00 00 00 00 00 04 A0 00 00 40 00 00 00 04 A2 00 00 40 9F 00 00 04 A4 00 00 08 27 00 00 04 9C 00 00 
00 00 00 00 04 9E 00 00 00 00 00 00 04 A0 00 00 00 00 00 00 04 A2 00 00 40 24 00 00 04 A4 00 00 08 28 00 00 04 9C 00 00 
3D 71 00 00 04 9E 00 00 D7 0A 00 00 04 A0 00 00 90 A3 00 00 04 A2 00 00 40 4A 00 00 04 A4 00 00 08 29 00 00 04 9C 00 00 
00 00 00 00 04 9E 00 00 00 00 00 00 04 A0 00 00 00 00 00 00 04 A2 00 00 40 00 00 00 04 A4 00 00 08 2A 00 00 04 9C 00 00 
00 00 00 00 04 9E 00 00 00 00 00 00 04 A0 00 00 00 00 00 00 04 A2 00 00 40 38 00 00 04 A4 00 00 08 2B 00 00 04 9C 00 00 
00 00 00 00 04 9E 00 00 00 00 00 00 04 A0 00 00 00 00 00 00 04 A2 00 00 40 08 00 00 04 A4 00 00 08 2C 00 00 04 A4 00 00 
08 2C 00 00 04 88 00 00 2F FE 00 00 04 8A 00 00 FE 82 00 00 04 8C 00 00 01 0F 00 00 04 88 00 00 3F FD 00 00 04 8A 00 00 
00 82 00 00 04 8C 00 00 14 00 00 00 04 88 00 00 DF FF 00 00 04 8A 00 00 FF FF 00 00 04 8C 00 00 14 8F 00 00 04 88 00 00 
00 01 00 00 04 8A 00 00 00 00 00 00 04 8C 00 00 12 00 00 00 04 88 00 00 00 00 00 00 04 8A 00 00 00 00 00 00 04 8C 00 00 
1C 00 00 00 04 88 00 00 00 01 00 00 04 8A 00 00 00 00 00 00 04 8C 00 00 12 00 00 00 04 88 00 00 FF FD 00 00 04 8A 00 00 
FF FF 00 00 04 8C 00 00 15 4F 00 00 04 88 00 00 DF FF 00 00 04 8A 00 00 FD FF 00 00 04 8C 00 00 14 8F 00 00 04 88 00 00 
4F FA 00 00 04 8A 00 00 00 82 00 00 04 8C 00 00 14 00 00 00 04 88 00 00 AF FD 00 00 04 8A 00 00 FC FF 00 00 04 8C 00 00 
02 0F 00 00 04 88 00 00 CF FF 00 00 04 8A 00 00 FC FF 00 00 04 8C 00 00 14 8F 00 00 04 88 00 00 FF FD 00 00 04 8A 00 00 
FC FF 00 00 04 8C 00 00 15 4F 00 00 04 88 00 00 5F FA 00 00 04 8A 00 00 00 82 00 00 04 8C 00 00 14 00 00 00 04 88 00 00 
AF FD 00 00 04 8A 00 00 FC FF 00 00 04 8C 00 00 01 0F 00 00 04 88 00 00 CF FF 00 00 04 8A 00 00 FB FF 00 00 04 8C 00 00 
14 8F 00 00 04 88 00 00 FF FD 00 00 04 8A 00 00 FB FF 00 00 04 8C 00 00 15 4F 00 00 04 88 00 00 DF FF 00 00 04 8A 00 00 
FE FF 00 00 04 8C 00 00 14 8F 00 00 04 88 00 00 EF FF 00 00 04 8A 00 00 00 FF 00 00 04 8C 00 00 0C 00 00 00 04 88 00 00 
0F FD 00 00 04 8A 00 00 00 00 00 00 04 8C 00 00 16 00 00 00 04 88 00 00 6F FD 00 00 04 8A 00 00 00 00 00 00 04 8C 00 00 
08 00 00 00 04 88 00 00 50 00 00 00 04 8A 00 00 00 01 00 00 04 8C 00 00 0A 00 00 00 04 88 00 00 0F FD 00 00 04 8A 00 00 
00 82 00 00 04 8C 00 00 14 00 00 00 04 88 00 00 1F FE 00 00 04 8A 00 00 FE 82 00 00 04 8C 00 00 01 0F 00 00 04 88 00 00 
DF FE 00 00 04 8A 00 00 00 FF 00 00 04 8C 00 00 14 80 00 00 04 88 00 00 6F FD 00 00 04 8A 00 00 00 82 00 00 04 8C 00 00 
14 00 00 00 04 88 00 00 1F FE 00 00 04 8A 00 00 FE 82 00 00 04 8C 00 00 01 0F 00 00 04 88 00 00 DF FE 00 00 04 8A 00 00 
00 FF 00 00 04 8C 00 00 14 80 00 00 04 88 00 00 6F FD 00 00 04 8A 00 00 00 82 00 00 04 8C 00 00 14 00 00 00 04 88 00 00 
1F FE 00 00 04 8A 00 00 FE 82 00 00 04 8C 00 00 01 0F 00 00 04 88 00 00 DF FE 00 00 04 8A 00 00 00 FF 00 00 04 8C 00 00 
14 80 00 00 04 88 00 00 7F FD 00 00 04 8A 00 00 00 82 00 00 04 8C 00 00 14 00 00 00 04 88 00 00 1F FE 00 00 04 8A 00 00 
FE 82 00 00 04 8C 00 00 01 0F 00 00 04 88 00 00 DF FE 00 00 04 8A 00 00 00 FF 00 00 04 8C 00 00 14 80 00 00 04 88 00 00 
1F FD 00 00 04 8A 00 00 00 00 00 00 04 8C 00 00 16 00 00 00 04 88 00 00 1F FE 00 00 04 8A 00 00 FE 82 00 00 04 8C 00 00 
01 0F 00 00 04 88 00 00 DF FE 00 00 04 8A 00 00 00 FF 00 00 04 8C 00 00 14 80 00 00 04 88 00 00 0F FD 00 00 04 8A 00 00 
00 00 00 00 04 8C 00 00 16 00 00 00 04 88 00 00 1F FE 00 00 04 8A 00 00 FE 82 00 00 04 8C 00 00 01 0F 00 00 04 88 00 00 
DF FE 00 00 04 8A 00 00 00 FF 00 00 04 8C 00 00 14 80 00 00 04 88 00 00 1F FE 00 00 04 8A 00 00 FE 82 00 00 04 8C 00 00 
01 0F 00 00 04 88 00 00 8F FE 00 00 04 8A 00 00 00 FF 00 00 04 8C 00 00 14 80 00 00 04 88 00 00 E0 00 00 00 04 8A 00 00 
00 02 00 00 04 8C 00 00 0A 00 00 00 04 88 00 00 2F FA 00 00 04 8A 00 00 00 82 00 00 04 8C 00 00 14 00 00 00 04 88 00 00 
AF FE 00 00 04 8A 00 00 FE FF 00 00 04 8C 00 00 00 0F 00 00 04 88 00 00 DF FF 00 00 04 8A 00 00 FA FF 00 00 04 8C 00 00 
14 8F 00 00 04 88 00 00 30 00 00 00 04 8A 00 00 00 00 00 00 04 8C 00 00 0A 00 00 00 04 88 00 00 1F FE 00 00 04 8A 00 00 
FE 82 00 00 04 8C 00 00 01 0F 00 00 04 88 00 00 FF FE 00 00 04 8A 00 00 00 FF 00 00 04 8C 00 00 14 80 00 00 04 88 00 00 
EF FF 00 00 04 8A 00 00 00 FF 00 00 04 8C 00 00 14 00 00 00 04 88 00 00 8F FE 00 00 04 8A 00 00 FE 82 00 00 04 8C 00 00 
01 0F 00 00 04 88 00 00 00 00 00 00 04 8A 00 00 00 00 00 00 04 8C 00 00 29 00 00 00 04 88 00 00 9F FD 00 00 04 8A 00 00 
00 82 00 00 04 8C 00 00 14 00 00 00 04 88 00 00 DF FF 00 00 04 8A 00 00 FC FF 00 00 04 8C 00 00 14 8F 00 00 04 88 00 00 
FF FD 00 00 04 8A 00 00 05 FF 00 00 04 8C 00 00 15 40 00 00 04 88 00 00 FF FA 00 00 04 8A 00 00 04 FF 00 00 04 8C 00 00 
15 40 00 00 04 88 00 00 AF FD 00 00 04 8A 00 00 FC FF 00 00 04 8C 00 00 00 0F 00 00 04 88 00 00 CF FF 00 00 04 8A 00 00 
FB FF 00 00 04 8C 00 00 14 8F 00 00 04 88 00 00 FF FD 00 00 04 8A 00 00 FB FF 00 00 04 8C 00 00 15 4F 00 00 04 88 00 00 
DF FF 00 00 04 8A 00 00 FF FF 00 00 04 8C 00 00 14 8F 00 00 04 88 00 00 4F FD 00 00 04 8A 00 00 00 82 00 00 04 8C 00 00 
14 00 00 00 04 88 00 00 1F FE 00 00 04 8A 00 00 FE 82 00 00 04 8C 00 00 01 0F 00 00 04 88 00 00 DF FE 00 00 04 8A 00 00 
00 FF 00 00 04 8C 00 00 14 80 00 00 04 88 00 00 FF FD 00 00 04 8A 00 00 FF FF 00 00 04 8C 00 00 15 4F 00 00 04 88 00 00 
1F FE 00 00 04 8A 00 00 FE 82 00 00 04 8C 00 00 01 0F 00 00 04 88 00 00 DF FE 00 00 04 8A 00 00 00 FF 00 00 04 8C 00 00 
14 80 00 00 04 88 00 00 1F FE 00 00 04 8A 00 00 FE 82 00 00 04 8C 00 00 01 0F 00 00 04 88 00 00 8F FE 00 00 04 8A 00 00 
00 FF 00 00 04 8C 00 00 14 80 00 00 04 88 00 00 30 00 00 00 04 8A 00 00 00 07 00 00 04 8C 00 00 0A 00 00 00 04 88 00 00 
AF FA 00 00 04 8A 00 00 00 82 00 00 04 8C 00 00 14 00 00 00 04 88 00 00 AF FE 00 00 04 8A 00 00 FE FF 00 00 04 8C 00 00 
00 0F 00 00 04 88 00 00 DF FF 00 00 04 8A 00 00 FA FF 00 00 04 8C 00 00 14 8F 00 00 04 88 00 00 DF FF 00 00 04 8A 00 00 
FE FF 00 00 04 8C 00 00 14 8F 00 00 04 88 00 00 4F FD 00 00 04 8A 00 00 00 82 00 00 04 8C 00 00 14 00 00 00 04 88 00 00 
1F FE 00 00 04 8A 00 00 FE 82 00 00 04 8C 00 00 01 0F 00 00 04 88 00 00 DF FE 00 00 04 8A 00 00 00 FF 00 00 04 8C 00 00 
14 80 00 00 04 88 00 00 FF FD 00 00 04 8A 00 00 06 FF 00 00 04 8C 00 00 15 40 00 00 04 88 00 00 1F FE 00 00 04 8A 00 00 
FE 82 00 00 04 8C 00 00 01 0F 00 00 04 88 00 00 DF FE 00 00 04 8A 00 00 00 FF 00 00 04 8C 00 00 14 80 00 00 04 88 00 00 
1F FE 00 00 04 8A 00 00 FE 82 00 00 04 8C 00 00 01 0F 00 00 04 88 00 00 8F FE 00 00 04 8A 00 00 00 FF 00 00 04 8C 00 00 
14 80 00 00 04 88 00 00 30 00 00 00 04 8A 00 00 00 07 00 00 04 8C 00 00 0A 00 00 00 04 88 00 00 AF FA 00 00 04 8A 00 00 
00 82 00 00 04 8C 00 00 14 00 00 00 04 88 00 00 AF FE 00 00 04 8A 00 00 FE FF 00 00 04 8C 00 00 00 0F 00 00 04 88 00 00 
DF FF 00 00 04 8A 00 00 F9 FF 00 00 04 8C 00 00 14 8F 00 00 04 88 00 00 DF FF 00 00 04 8A 00 00 FD FF 00 00 04 8C 00 00 
14 8F 00 00 04 88 00 00 F1 B0 00 00 04 8A 00 00 07 FF 00 00 04 8C 00 00 15 40 00 00 04 88 00 00 FF FD 00 00 04 8A 00 00 
FC FF 00 00 04 8C 00 00 15 4F 00 00 04 88 00 00 4F FA 00 00 04 8A 00 00 00 82 00 00 04 8C 00 00 14 00 00 00 04 88 00 00 
AF FD 00 00 04 8A 00 00 FC FF 00 00 04 8C 00 00 02 0F 00 00 04 88 00 00 CF FF 00 00 04 8A 00 00 F8 FF 00 00 04 8C 00 00 
14 8F 00 00 04 88 00 00 8F FF 00 00 04 8A 00 00 00 FF 00 00 04 8C 00 00 28 00 00 00 04 88 00 00 F1 27 00 00 04 8A 00 00 
02 FF 00 00 04 8C 00 00 15 40 00 00 04 88 00 00 00 00 00 00 04 8A 00 00 00 00 00 00 04 8C 00 00 29 00 00 00 04 88 00 00 
11 01 00 00 04 8A 00 00 00 00 00 00 04 8C 00 00 16 00 00 00 04 88 00 00 FF FD 00 00 04 8A 00 00 FE FF 00 00 04 8C 00 00 
15 4F 00 00 04 88 00 00 BF FA 00 00 04 8A 00 00 00 82 00 00 04 8C 00 00 14 00 00 00 04 88 00 00 AF FD 00 00 04 8A 00 00 
FC FF 00 00 04 8C 00 00 01 0F 00 00 04 88 00 00 CF FF 00 00 04 8A 00 00 F7 FF 00 00 04 8C 00 00 14 8F 00 00 04 88 00 00 
7F FF 00 00 04 8A 00 00 00 FF 00 00 04 8C 00 00 28 00 00 00 04 88 00 00 00 00 00 00 04 8A 00 00 00 00 00 00 04 8C 00 00 
2A 00 00 00 04 88 00 00 F1 27 00 00 04 8A 00 00 03 FF 00 00 04 8C 00 00 15 40 00 00 04 88 00 00 00 00 00 00 04 8A 00 00 
00 00 00 00 04 8C 00 00 29 00 00 00 04 88 00 00 11 01 00 00 04 8A 00 00 00 00 00 00 04 8C 00 00 16 00 00 00 04 88 00 00 
FF FD 00 00 04 8A 00 00 FD FF 00 00 04 8C 00 00 15 4F 00 00 04 88 00 00 BF FA 00 00 04 8A 00 00 00 82 00 00 04 8C 00 00 
14 00 00 00 04 88 00 00 AF FD 00 00 04 8A 00 00 FC FF 00 00 04 8C 00 00 01 0F 00 00 04 88 00 00 CF FF 00 00 04 8A 00 00 
F6 FF 00 00 04 8C 00 00 14 8F 00 00 04 88 00 00 6F FF 00 00 04 8A 00 00 00 FF 00 00 04 8C 00 00 28 00 00 00 04 88 00 00 
00 00 00 00 04 8A 00 00 00 00 00 00 04 8C 00 00 2A 00 00 00 04 88 00 00 FF FE 00 00 04 8A 00 00 00 FF 00 00 04 8C 00 00 
14 00 00 00 04 88 00 00 EF FF 00 00 04 8A 00 00 00 FF 00 00 04 8C 00 00 15 40 00 00 04 88 00 00 1F FE 00 00 04 8A 00 00 
FE 82 00 00 04 8C 00 00 00 0F 00 00 04 88 00 00 EF F8 00 00 04 8A 00 00 00 FF 00 00 04 8C 00 00 15 40 00 00 04 88 00 00 
1F FE 00 00 04 8A 00 00 FE 82 00 00 04 8C 00 00 00 0F 00 00 04 88 00 00 80 00 00 00 04 8A 00 00 00 FF 00 00 04 8C 00 00 
0B 00 00 00 04 88 00 00 1F FE 00 00 04 8A 00 00 FE 82 00 00 04 8C 00 00 01 0F 00 00 04 88 00 00 FF FE 00 00 04 8A 00 00 
00 FF 00 00 04 8C 00 00 14 80 00 00 04 88 00 00 EF FF 00 00 04 8A 00 00 00 FF 00 00 04 8C 00 00 14 00 00 00 04 88 00 00 
CF FE 00 00 04 8A 00 00 FE 82 00 00 04 8C 00 00 01 0F 00 00 04 88 00 00 FF FD 00 00 04 8A 00 00 02 FF 00 00 04 8C 00 00 
15 40 00 00 04 88 00 00 FF FA 00 00 04 8A 00 00 03 FF 00 00 04 8C 00 00 15 40 00 00 04 88 00 00 AF FD 00 00 04 8A 00 00 
FC FF 00 00 04 8C 00 00 02 0F 00 00 04 88 00 00 CF FF 00 00 04 8A 00 00 FD FF 00 00 04 8C 00 00 14 8F 00 00 04 88 00 00 
FF FD 00 00 04 8A 00 00 FD FF 00 00 04 8C 00 00 15 4F 00 00 04 88 00 00 DF FF 00 00 04 8A 00 00 FF FF 00 00 04 8C 00 00 
14 8F 00 00 04 88 00 00 DF FF 00 00 04 8A 00 00 FE FF 00 00 04 8C 00 00 14 8F 00 00 04 88 00 00 F0 00 00 00 04 8A 00 00 
00 07 00 00 04 8C 00 00 0A 00 00 00 04 88 00 00 FF FD 00 00 04 8A 00 00 FE FF 00 00 04 8C 00 00 15 4F 00 00 04 88 00 00 
FF FE 00 00 04 8A 00 00 00 FF 00 00 04 8C 00 00 14 00 00 00 04 88 00 00 EF FF 00 00 04 8A 00 00 00 FF 00 00 04 8C 00 00 
15 40 00 00 04 88 00 00 1F FE 00 00 04 8A 00 00 FE 82 00 00 04 8C 00 00 00 0F 00 00 04 88 00 00 EF F8 00 00 04 8A 00 00 
00 FF 00 00 04 8C 00 00 15 40 00 00 04 88 00 00 1F FE 00 00 04 8A 00 00 FE 82 00 00 04 8C 00 00 00 0F 00 00 04 88 00 00 
80 00 00 00 04 8A 00 00 00 FF 00 00 04 8C 00 00 0B 00 00 00 06 36 00 00 00 00 00 00 06 38 00 00 00 00 00 00 06 3A 00 00 
00 00 00 00 06 3C 00 00 00 00 00 00 06 3E 00 00 08 20 00 00 06 36 00 00 00 00 00 00 06 38 00 00 00 00 00 00 06 3A 00 00 
00 00 00 00 06 3C 00 00 00 00 00 00 06 3E 00 00 08 21 00 00 06 36 00 00 00 00 00 00 06 38 00 00 00 00 00 00 06 3A 00 00 
40 00 00 00 06 3C 00 00 40 8F 00 00 06 3E 00 00 08 22 00 00 06 36 00 00 00 00 00 00 06 38 00 00 00 00 00 00 06 3A 00 00 
00 00 00 00 06 3C 00 00 40 24 00 00 06 3E 00 00 08 23 00 00 06 36 00 00 00 00 00 00 06 38 00 00 00 00 00 00 06 3A 00 00 
00 00 00 00 06 3C 00 00 40 59 00 00 06 3E 00 00 08 24 00 00 06 36 00 00 00 00 00 00 06 38 00 00 00 00 00 00 06 3A 00 00 
00 00 00 00 06 3C 00 00 40 24 00 00 06 3E 00 00 08 25 00 00 06 36 00 00 00 00 00 00 06 38 00 00 00 00 00 00 06 3A 00 00 
00 00 00 00 06 3C 00 00 40 24 00 00 06 3E 00 00 08 26 00 00 06 36 00 00 00 00 00 00 06 38 00 00 00 00 00 00 06 3A 00 00 
00 00 00 00 06 3C 00 00 3F F0 00 00 06 3E 00 00 08 27 00 00 06 36 00 00 00 00 00 00 06 38 00 00 00 00 00 00 06 3A 00 00 
BE 00 00 00 06 3C 00 00 40 AF 00 00 06 3E 00 00 0F FF 00 00 06 36 00 00 00 00 00 00 06 38 00 00 00 00 00 00 06 3A 00 00 
BE 00 00 00 06 3C 00 00 40 AF 00 00 06 3E 00 00 0F FE 00 00 06 36 00 00 00 00 00 00 06 38 00 00 00 00 00 00 06 3A 00 00 
00 00 00 00 06 3C 00 00 40 2C 00 00 06 3E 00 00 08 28 00 00 06 36 00 00 68 F1 00 00 06 38 00 00 88 E3 00 00 06 3A 00 00 
F8 B5 00 00 06 3C 00 00 40 A4 00 00 06 3E 00 00 08 29 00 00 06 36 00 00 00 00 00 00 06 38 00 00 00 00 00 00 06 3A 00 00 
00 00 00 00 06 3C 00 00 40 00 00 00 06 3E 00 00 08 2A 00 00 06 36 00 00 00 00 00 00 06 38 00 00 00 00 00 00 06 3A 00 00 
00 00 00 00 06 3C 00 00 40 40 00 00 06 3E 00 00 08 2B 00 00 06 36 00 00 00 00 00 00 06 38 00 00 00 00 00 00 06 3A 00 00 
00 00 00 00 06 3C 00 00 40 59 00 00 06 3E 00 00 08 2C 00 00 06 36 00 00 00 00 00 00 06 38 00 00 00 00 00 00 06 3A 00 00 
00 00 00 00 06 3C 00 00 40 10 00 00 06 3E 00 00 08 2D 00 00 06 36 00 00 00 00 00 00 06 38 00 00 00 00 00 00 06 3A 00 00 
00 00 00 00 06 3C 00 00 40 20 00 00 06 3E 00 00 08 2E 00 00 06 36 00 00 00 00 00 00 06 38 00 00 00 00 00 00 06 3A 00 00 
A0 00 00 00 06 3C 00 00 40 66 00 00 06 3E 00 00 08 2F 00 00 06 36 00 00 6A 99 00 00 06 38 00 00 16 C1 00 00 06 3A 00 00 
C1 6C 00 00 06 3C 00 00 41 26 00 00 06 3E 00 00 08 30 00 00 06 36 00 00 00 00 00 00 06 38 00 00 00 00 00 00 06 3A 00 00 
00 00 00 00 06 3C 00 00 00 00 00 00 06 3E 00 00 08 31 00 00 06 36 00 00 00 00 00 00 06 38 00 00 00 00 00 00 06 3A 00 00 
00 00 00 00 06 3C 00 00 40 28 00 00 06 3E 00 00 08 32 00 00 06 36 00 00 00 00 00 00 06 38 00 00 00 00 00 00 06 3A 00 00 
48 00 00 00 06 3C 00 00 40 70 00 00 06 3E 00 00 08 33 00 00 06 36 00 00 00 00 00 00 06 38 00 00 00 00 00 00 06 3A 00 00 
E0 00 00 00 06 3C 00 00 40 6F 00 00 06 3E 00 00 08 34 00 00 06 3E 08 34 FF EF 00 00 06 20 00 00 8F FE 00 00 06 22 00 00 
FE 82 00 00 06 24 00 00 01 0F 00 00 06 20 00 00 F0 D9 00 00 06 22 00 00 00 0F 00 00 06 24 00 00 16 00 00 00 06 20 00 00 
01 2C 00 00 06 22 00 00 00 00 00 00 06 24 00 00 0E 00 00 00 06 20 00 00 00 D9 00 00 06 22 00 00 00 00 00 00 06 24 00 00 
16 00 00 00 06 20 00 00 7F FD 00 00 06 22 00 00 00 0A 00 00 06 24 00 00 16 00 00 00 06 20 00 00 0F FD 00 00 06 22 00 00 
00 00 00 00 06 24 00 00 2E 00 00 00 06 20 00 00 DF FF 00 00 06 22 00 00 FC FF 00 00 06 24 00 00 14 8F 00 00 06 20 00 00 
0F FD 00 00 06 22 00 00 00 82 00 00 06 24 00 00 14 00 00 00 06 20 00 00 9F FA 00 00 06 22 00 00 00 82 00 00 06 24 00 00 
14 00 00 00 06 20 00 00 AF FD 00 00 06 22 00 00 FC FF 00 00 06 24 00 00 02 0F 00 00 06 20 00 00 CF FF 00 00 06 22 00 00 
F6 FF 00 00 06 24 00 00 14 8F 00 00 06 20 00 00 FF FD 00 00 06 22 00 00 F6 FF 00 00 06 24 00 00 15 4F 00 00 06 20 00 00 
DF FF 00 00 06 22 00 00 FE FF 00 00 06 24 00 00 14 8F 00 00 06 20 00 00 0F FD 00 00 06 22 00 00 00 00 00 00 06 24 00 00 
2C 00 00 00 06 20 00 00 DF FF 00 00 06 22 00 00 FD FF 00 00 06 24 00 00 14 8F 00 00 06 20 00 00 00 F9 00 00 06 22 00 00 
00 00 00 00 06 24 00 00 16 00 00 00 06 20 00 00 01 3B 00 00 06 22 00 00 00 00 00 00 06 24 00 00 16 00 00 00 06 20 00 00 
FF F9 00 00 06 22 00 00 FC FF 00 00 06 24 00 00 15 4F 00 00 06 20 00 00 FF F9 00 00 06 22 00 00 FD FF 00 00 06 24 00 00 
15 CF 00 00 06 20 00 00 F0 C7 00 00 06 22 00 00 00 0F 00 00 06 24 00 00 16 00 00 00 06 20 00 00 0F FD 00 00 06 22 00 00 
00 00 00 00 06 24 00 00 16 00 00 00 06 20 00 00 4F FD 00 00 06 22 00 00 00 00 00 00 06 24 00 00 08 00 00 00 06 20 00 00 
70 00 00 00 06 22 00 00 00 01 00 00 06 24 00 00 0A 00 00 00 06 20 00 00 1F FD 00 00 06 22 00 00 00 82 00 00 06 24 00 00 
14 00 00 00 06 20 00 00 7F FE 00 00 06 22 00 00 FE 82 00 00 06 24 00 00 01 0F 00 00 06 20 00 00 DF FE 00 00 06 22 00 00 
00 FF 00 00 06 24 00 00 14 80 00 00 06 20 00 00 1F FD 00 00 06 22 00 00 00 00 00 00 06 24 00 00 16 00 00 00 06 20 00 00 
7F FE 00 00 06 22 00 00 FE 82 00 00 06 24 00 00 01 0F 00 00 06 20 00 00 DF FE 00 00 06 22 00 00 00 FF 00 00 06 24 00 00 
14 80 00 00 06 20 00 00 7F FE 00 00 06 22 00 00 FE 82 00 00 06 24 00 00 01 0F 00 00 06 20 00 00 8F FE 00 00 06 22 00 00 
00 FF 00 00 06 24 00 00 14 80 00 00 06 20 00 00 B0 00 00 00 06 22 00 00 00 05 00 00 06 24 00 00 0A 00 00 00 06 20 00 00 
AF FA 00 00 06 22 00 00 00 82 00 00 06 24 00 00 14 00 00 00 06 20 00 00 AF FE 00 00 06 22 00 00 FE FF 00 00 06 24 00 00 
00 0F 00 00 06 20 00 00 DF FF 00 00 06 22 00 00 F5 FF 00 00 06 24 00 00 14 8F 00 00 06 20 00 00 2F FD 00 00 06 22 00 00 
00 82 00 00 06 24 00 00 14 00 00 00 06 20 00 00 0F FD 00 00 06 22 00 00 00 00 00 00 06 24 00 00 2C 00 00 00 06 20 00 00 
DF FF 00 00 06 22 00 00 FB FF 00 00 06 24 00 00 14 8F 00 00 06 20 00 00 00 FA 00 00 06 22 00 00 00 00 00 00 06 24 00 00 
16 00 00 00 06 20 00 00 F1 54 00 00 06 22 00 00 FB FF 00 00 06 24 00 00 15 4F 00 00 06 20 00 00 11 4C 00 00 06 22 00 00 
00 00 00 00 06 24 00 00 16 00 00 00 06 20 00 00 0F FD 00 00 06 22 00 00 00 00 00 00 06 24 00 00 16 00 00 00 06 20 00 00 
3F FD 00 00 06 22 00 00 00 02 00 00 06 24 00 00 08 00 00 00 06 20 00 00 C0 00 00 00 06 22 00 00 00 02 00 00 06 24 00 00 
0A 00 00 00 06 20 00 00 9F FD 00 00 06 22 00 00 00 0C 00 00 06 24 00 00 16 00 00 00 06 20 00 00 0F FD 00 00 06 22 00 00 
00 00 00 00 06 24 00 00 2E 00 00 00 06 20 00 00 DF FF 00 00 06 22 00 00 F7 FF 00 00 06 24 00 00 14 8F 00 00 06 20 00 00 
0F FD 00 00 06 22 00 00 00 00 00 00 06 24 00 00 2C 00 00 00 06 20 00 00 DF FF 00 00 06 22 00 00 F8 FF 00 00 06 24 00 00 
14 8F 00 00 06 20 00 00 3F FD 00 00 06 22 00 00 00 82 00 00 06 24 00 00 14 00 00 00 06 20 00 00 BF FA 00 00 06 22 00 00 
00 82 00 00 06 24 00 00 14 00 00 00 06 20 00 00 AF FD 00 00 06 22 00 00 FC FF 00 00 06 24 00 00 02 0F 00 00 06 20 00 00 
CF FF 00 00 06 22 00 00 F4 FF 00 00 06 24 00 00 14 8F 00 00 06 20 00 00 FF FD 00 00 06 22 00 00 F4 FF 00 00 06 24 00 00 
15 4F 00 00 06 20 00 00 DF FF 00 00 06 22 00 00 FA FF 00 00 06 24 00 00 14 8F 00 00 06 20 00 00 0F FD 00 00 06 22 00 00 
00 00 00 00 06 24 00 00 2C 00 00 00 06 20 00 00 DF FF 00 00 06 22 00 00 F9 FF 00 00 06 24 00 00 14 8F 00 00 06 20 00 00 
00 FA 00 00 06 22 00 00 00 00 00 00 06 24 00 00 16 00 00 00 06 20 00 00 FF F9 00 00 06 22 00 00 F7 FF 00 00 06 24 00 00 
15 4F 00 00 06 20 00 00 FF F9 00 00 06 22 00 00 F9 FF 00 00 06 24 00 00 15 CF 00 00 06 20 00 00 0F FD 00 00 06 22 00 00 
00 00 00 00 06 24 00 00 16 00 00 00 06 20 00 00 CF FD 00 00 06 22 00 00 00 02 00 00 06 24 00 00 08 00 00 00 06 20 00 00 
F0 00 00 00 06 22 00 00 00 03 00 00 06 24 00 00 0A 00 00 00 06 20 00 00 00 01 00 00 06 22 00 00 00 00 00 00 06 24 00 00 
12 00 00 00 06 20 00 00 00 00 00 00 06 22 00 00 00 00 00 00 06 24 00 00 1C 00 00 00 06 20 00 00 00 01 00 00 06 22 00 00 
00 00 00 00 06 24 00 00 12 00 00 00 06 20 00 00 4F FD 00 00 06 22 00 00 00 82 00 00 06 24 00 00 14 00 00 00 06 20 00 00 
DF FF 00 00 06 22 00 00 FF FF 00 00 06 24 00 00 14 8F 00 00 06 20 00 00 CF FA 00 00 06 22 00 00 00 82 00 00 06 24 00 00 
14 00 00 00 06 20 00 00 AF FD 00 00 06 22 00 00 FC FF 00 00 06 24 00 00 02 0F 00 00 06 20 00 00 CF FF 00 00 06 22 00 00 
F3 FF 00 00 06 24 00 00 14 8F 00 00 06 20 00 00 3F FF 00 00 06 22 00 00 00 FF 00 00 06 24 00 00 28 00 00 00 06 20 00 00 
6F FD 00 00 06 22 00 00 00 82 00 00 06 24 00 00 14 00 00 00 06 20 00 00 7F FE 00 00 06 22 00 00 FE 82 00 00 06 24 00 00 
01 0F 00 00 06 20 00 00 DF FE 00 00 06 22 00 00 00 FF 00 00 06 24 00 00 14 80 00 00 06 20 00 00 5F FD 00 00 06 22 00 00 
00 82 00 00 06 24 00 00 14 00 00 00 06 20 00 00 7F FE 00 00 06 22 00 00 FE 82 00 00 06 24 00 00 01 0F 00 00 06 20 00 00 
DF FE 00 00 06 22 00 00 00 FF 00 00 06 24 00 00 14 80 00 00 06 20 00 00 2F FD 00 00 06 22 00 00 00 82 00 00 06 24 00 00 
14 00 00 00 06 20 00 00 7F FE 00 00 06 22 00 00 FE 82 00 00 06 24 00 00 01 0F 00 00 06 20 00 00 DF FE 00 00 06 22 00 00 
00 FF 00 00 06 24 00 00 14 80 00 00 06 20 00 00 1F FD 00 00 06 22 00 00 00 00 00 00 06 24 00 00 16 00 00 00 06 20 00 00 
7F FE 00 00 06 22 00 00 FE 82 00 00 06 24 00 00 01 0F 00 00 06 20 00 00 DF FE 00 00 06 22 00 00 00 FF 00 00 06 24 00 00 
14 80 00 00 06 20 00 00 7F FE 00 00 06 22 00 00 FE 82 00 00 06 24 00 00 01 0F 00 00 06 20 00 00 8F FE 00 00 06 22 00 00 
00 FF 00 00 06 24 00 00 14 80 00 00 06 20 00 00 20 00 00 00 06 22 00 00 00 08 00 00 06 24 00 00 0A 00 00 00 06 20 00 00 
DF FA 00 00 06 22 00 00 00 82 00 00 06 24 00 00 14 00 00 00 06 20 00 00 AF FE 00 00 06 22 00 00 FE FF 00 00 06 24 00 00 
00 0F 00 00 06 20 00 00 DF FF 00 00 06 22 00 00 F2 FF 00 00 06 24 00 00 14 8F 00 00 06 20 00 00 10 00 00 00 06 22 00 00 
00 00 00 00 06 24 00 00 0A 00 00 00 06 20 00 00 7F FE 00 00 06 22 00 00 FE 82 00 00 06 24 00 00 01 0F 00 00 06 20 00 00 
FF FE 00 00 06 22 00 00 00 FF 00 00 06 24 00 00 14 80 00 00 06 20 00 00 EF FF 00 00 06 22 00 00 00 FF 00 00 06 24 00 00 
14 00 00 00 06 20 00 00 EF FE 00 00 06 22 00 00 FE 82 00 00 06 24 00 00 01 0F 00 00 06 20 00 00 FF FD 00 00 06 22 00 00 
02 FF 00 00 06 24 00 00 15 40 00 00 06 20 00 00 0F FD 00 00 06 22 00 00 00 00 00 00 06 24 00 00 2E 00 00 00 06 20 00 00 
DF FF 00 00 06 22 00 00 FE FF 00 00 06 24 00 00 14 8F 00 00 06 20 00 00 AF FA 00 00 06 22 00 00 00 82 00 00 06 24 00 00 
14 00 00 00 06 20 00 00 AF FD 00 00 06 22 00 00 FC FF 00 00 06 24 00 00 02 0F 00 00 06 20 00 00 CF FF 00 00 06 22 00 00 
FB FF 00 00 06 24 00 00 14 8F 00 00 06 20 00 00 FF FD 00 00 06 22 00 00 00 82 00 00 06 24 00 00 14 00 00 00 06 20 00 00 
FF FA 00 00 06 22 00 00 FB FF 00 00 06 24 00 00 15 4F 00 00 06 20 00 00 AF FD 00 00 06 22 00 00 FC FF 00 00 06 24 00 00 
00 0F 00 00 06 20 00 00 CF FF 00 00 06 22 00 00 FA FF 00 00 06 24 00 00 14 8F 00 00 06 20 00 00 FF FD 00 00 06 22 00 00 
FA FF 00 00 06 24 00 00 15 4F 00 00 06 20 00 00 DF FF 00 00 06 22 00 00 FF FF 00 00 06 24 00 00 14 8F 00 00 06 20 00 00 
FF FD 00 00 06 22 00 00 03 FF 00 00 06 24 00 00 15 40 00 00 06 20 00 00 0F FA 00 00 06 22 00 00 00 83 00 00 06 24 00 00 
14 00 00 00 06 20 00 00 AF FD 00 00 06 22 00 00 FC FF 00 00 06 24 00 00 02 0F 00 00 06 20 00 00 CF FF 00 00 06 22 00 00 
F9 FF 00 00 06 24 00 00 14 8F 00 00 06 20 00 00 FF FD 00 00 06 22 00 00 F9 FF 00 00 06 24 00 00 15 4F 00 00 06 20 00 00 
DF FF 00 00 06 22 00 00 FD FF 00 00 06 24 00 00 14 8F 00 00 06 20 00 00 1F FD 00 00 06 22 00 00 00 83 00 00 06 24 00 00 
14 00 00 00 06 20 00 00 FF FA 00 00 06 22 00 00 FD FF 00 00 06 24 00 00 15 4F 00 00 06 20 00 00 AF FD 00 00 06 22 00 00 
FC FF 00 00 06 24 00 00 01 0F 00 00 06 20 00 00 CF FF 00 00 06 22 00 00 F8 FF 00 00 06 24 00 00 14 8F 00 00 06 20 00 00 
FF FD 00 00 06 22 00 00 F8 FF 00 00 06 24 00 00 15 4F 00 00 06 20 00 00 0F FD 00 00 06 22 00 00 00 00 00 00 06 24 00 00 
2C 00 00 00 06 20 00 00 DF FF 00 00 06 22 00 00 FC FF 00 00 06 24 00 00 14 8F 00 00 06 20 00 00 00 F9 00 00 06 22 00 00 
00 00 00 00 06 24 00 00 16 00 00 00 06 20 00 00 FF F9 00 00 06 22 00 00 FF FF 00 00 06 24 00 00 15 4F 00 00 06 20 00 00 
FF F9 00 00 06 22 00 00 FC FF 00 00 06 24 00 00 15 CF 00 00 06 20 00 00 F0 C7 00 00 06 22 00 00 0F FF 00 00 06 24 00 00 
16 00 00 00 06 20 00 00 FF FE 00 00 06 22 00 00 00 FF 00 00 06 24 00 00 14 00 00 00 06 20 00 00 EF FF 00 00 06 22 00 00 
00 FF 00 00 06 24 00 00 15 40 00 00 06 20 00 00 7F FE 00 00 06 22 00 00 FE 82 00 00 06 24 00 00 00 0F 00 00 06 20 00 00 
EF F8 00 00 06 22 00 00 00 FF 00 00 06 24 00 00 15 40 00 00 06 20 00 00 7F FE 00 00 06 22 00 00 FE 82 00 00 06 24 00 00 
00 0F 00 00 06 20 00 00 80 00 00 00 06 22 00 00 00 FF 00 00 06 24 00 00 0B 00 00 00 06 20 00 00 7F FE 00 00 06 22 00 00 
FE 82 00 00 06 24 00 00 01 0F 00 00 06 20 00 00 FF FE 00 00 06 22 00 00 00 FF 00 00 06 24 00 00 14 80 00 00 06 20 00 00 
EF FF 00 00 06 22 00 00 00 FF 00 00 06 24 00 00 14 00 00 00 06 20 00 00 2F FE 00 00 06 22 00 00 FE 83 00 00 06 24 00 00 
01 0F 00 00 06 20 00 00 3F FD 00 00 06 22 00 00 00 83 00 00 06 24 00 00 14 00 00 00 06 20 00 00 DF FF 00 00 06 22 00 00 
FE FF 00 00 06 24 00 00 14 8F 00 00 06 20 00 00 DF FF 00 00 06 22 00 00 FD FF 00 00 06 24 00 00 14 8F 00 00 06 20 00 00 
FF FD 00 00 06 22 00 00 02 FF 00 00 06 24 00 00 15 40 00 00 06 20 00 00 0F FD 00 00 06 22 00 00 00 00 00 00 06 24 00 00 
2E 00 00 00 06 20 00 00 DF FF 00 00 06 22 00 00 FC FF 00 00 06 24 00 00 14 8F 00 00 06 20 00 00 4F FD 00 00 06 22 00 00 
00 83 00 00 06 24 00 00 14 00 00 00 06 20 00 00 FF FA 00 00 06 22 00 00 FC FF 00 00 06 24 00 00 15 4F 00 00 06 20 00 00 
AF FD 00 00 06 22 00 00 FC FF 00 00 06 24 00 00 01 0F 00 00 06 20 00 00 CF FF 00 00 06 22 00 00 F9 FF 00 00 06 24 00 00 
14 8F 00 00 06 20 00 00 FF FD 00 00 06 22 00 00 F9 FF 00 00 06 24 00 00 15 4F 00 00 06 20 00 00 DF FF 00 00 06 22 00 00 
FB FF 00 00 06 24 00 00 14 8F 00 00 06 20 00 00 0F FD 00 00 06 22 00 00 00 00 00 00 06 24 00 00 2C 00 00 00 06 20 00 00 
DF FF 00 00 06 22 00 00 FF FF 00 00 06 24 00 00 14 8F 00 00 06 20 00 00 FF FD 00 00 06 22 00 00 05 FF 00 00 06 24 00 00 
15 40 00 00 06 20 00 00 3F FA 00 00 06 22 00 00 00 83 00 00 06 24 00 00 14 00 00 00 06 20 00 00 AF FD 00 00 06 22 00 00 
FC FF 00 00 06 24 00 00 00 0F 00 00 06 20 00 00 CF FF 00 00 06 22 00 00 F8 FF 00 00 06 24 00 00 14 8F 00 00 06 20 00 00 
FF FD 00 00 06 22 00 00 F8 FF 00 00 06 24 00 00 15 4F 00 00 06 20 00 00 FF FA 00 00 06 22 00 00 03 FF 00 00 06 24 00 00 
15 40 00 00 06 20 00 00 AF FD 00 00 06 22 00 00 FC FF 00 00 06 24 00 00 00 0F 00 00 06 20 00 00 CF FF 00 00 06 22 00 00 
F7 FF 00 00 06 24 00 00 14 8F 00 00 06 20 00 00 FF FD 00 00 06 22 00 00 F7 FF 00 00 06 24 00 00 15 4F 00 00 06 20 00 00 
DF FF 00 00 06 22 00 00 FA FF 00 00 06 24 00 00 14 8F 00 00 06 20 00 00 00 00 00 00 06 22 00 00 00 00 00 00 06 24 00 00 
29 00 00 00 06 20 00 00 00 C7 00 00 06 22 00 00 00 00 00 00 06 24 00 00 16 00 00 00 06 20 00 00 F0 86 00 00 06 22 00 00 
02 FF 00 00 06 24 00 00 15 40 00 00 06 20 00 00 FF FD 00 00 06 22 00 00 FE FF 00 00 06 24 00 00 15 4F 00 00 06 20 00 00 
FF FA 00 00 06 22 00 00 04 FF 00 00 06 24 00 00 15 40 00 00 06 20 00 00 AF FD 00 00 06 22 00 00 FC FF 00 00 06 24 00 00 
01 0F 00 00 06 20 00 00 CF FF 00 00 06 22 00 00 F6 FF 00 00 06 24 00 00 14 8F 00 00 06 20 00 00 FF FD 00 00 06 22 00 00 
F6 FF 00 00 06 24 00 00 15 4F 00 00 06 20 00 00 CF FA 00 00 06 22 00 00 00 82 00 00 06 24 00 00 14 00 00 00 06 20 00 00 
AF FD 00 00 06 22 00 00 FC FF 00 00 06 24 00 00 02 0F 00 00 06 20 00 00 CF FF 00 00 06 22 00 00 F5 FF 00 00 06 24 00 00 
14 8F 00 00 06 20 00 00 5F FF 00 00 06 22 00 00 00 FF 00 00 06 24 00 00 28 00 00 00 06 20 00 00 F0 30 00 00 06 22 00 00 
02 FF 00 00 06 24 00 00 15 40 00 00 06 20 00 00 FF FD 00 00 06 22 00 00 FA FF 00 00 06 24 00 00 15 4F 00 00 06 20 00 00 
CF FA 00 00 06 22 00 00 00 82 00 00 06 24 00 00 14 00 00 00 06 20 00 00 AF FD 00 00 06 22 00 00 FC FF 00 00 06 24 00 00 
02 0F 00 00 06 20 00 00 CF FF 00 00 06 22 00 00 F4 FF 00 00 06 24 00 00 14 8F 00 00 06 20 00 00 4F FF 00 00 06 22 00 00 
00 FF 00 00 06 24 00 00 28 00 00 00 06 20 00 00 F0 30 00 00 06 22 00 00 FF FF 00 00 06 24 00 00 15 4F 00 00 06 20 00 00 
00 00 00 00 06 22 00 00 00 00 00 00 06 24 00 00 2A 00 00 00 06 20 00 00 F0 D9 00 00 06 22 00 00 00 0F 00 00 06 24 00 00 
16 00 00 00 06 20 00 00 01 2C 00 00 06 22 00 00 00 00 00 00 06 24 00 00 0E 00 00 00 06 20 00 00 00 D9 00 00 06 22 00 00 
00 00 00 00 06 24 00 00 16 00 00 00 06 20 00 00 FF FE 00 00 06 22 00 00 00 FF 00 00 06 24 00 00 14 00 00 00 06 20 00 00 
EF FF 00 00 06 22 00 00 00 FF 00 00 06 24 00 00 15 40 00 00 06 20 00 00 7F FE 00 00 06 22 00 00 FE 82 00 00 06 24 00 00 
00 0F 00 00 06 20 00 00 EF F8 00 00 06 22 00 00 00 FF 00 00 06 24 00 00 15 40 00 00 06 20 00 00 7F FE 00 00 06 22 00 00 
FE 82 00 00 06 24 00 00 00 0F 00 00 06 20 00 00 80 00 00 00 06 22 00 00 00 FF 00 00 06 24 00 00 0B 00 00 00 20 38 00 00 
00 00 00 00 20 3A 00 00 00 00 00 00 20 3C 00 00 00 00 00 00 20 3E 00 00 00 00 00 00 20 40 00 00 08 20 00 00 20 38 00 00 
00 00 00 00 20 3A 00 00 00 00 00 00 20 3C 00 00 00 00 00 00 20 3E 00 00 00 00 00 00 20 40 00 00 08 21 00 00 20 38 00 00 
00 00 00 00 20 3A 00 00 00 00 00 00 20 3C 00 00 00 00 00 00 20 3E 00 00 40 B0 00 00 20 40 00 00 08 22 00 00 20 38 00 00 
00 00 00 00 20 3A 00 00 00 00 00 00 20 3C 00 00 00 00 00 00 20 3E 00 00 40 3E 00 00 20 40 00 00 08 23 00 00 20 38 00 00 
00 00 00 00 20 3A 00 00 00 00 00 00 20 3C 00 00 00 00 00 00 20 3E 00 00 40 34 00 00 20 40 00 00 08 24 00 00 20 38 00 00 
00 00 00 00 20 3A 00 00 00 00 00 00 20 3C 00 00 00 00 00 00 20 3E 00 00 3F E0 00 00 20 40 00 00 08 25 00 00 20 38 00 00 
00 00 00 00 20 3A 00 00 00 00 00 00 20 3C 00 00 00 00 00 00 20 3E 00 00 40 24 00 00 20 40 00 00 08 26 00 00 20 38 00 00 
00 00 00 00 20 3A 00 00 00 00 00 00 20 3C 00 00 00 00 00 00 20 3E 00 00 40 59 00 00 20 40 00 00 08 27 00 00 20 38 00 00 
00 00 00 00 20 3A 00 00 00 00 00 00 20 3C 00 00 40 00 00 00 20 3E 00 00 40 8F 00 00 20 40 00 00 08 28 00 00 20 38 00 00 
00 00 00 00 20 3A 00 00 00 00 00 00 20 3C 00 00 00 00 00 00 20 3E 00 00 40 24 00 00 20 40 00 00 08 29 00 00 20 38 00 00 
00 00 00 00 20 3A 00 00 00 00 00 00 20 3C 00 00 00 00 00 00 20 3E 00 00 3F F0 00 00 20 40 00 00 08 2A 00 00 20 38 00 00 
00 00 00 00 20 3A 00 00 00 00 00 00 20 3C 00 00 BE 00 00 00 20 3E 00 00 40 AF 00 00 20 40 00 00 0F FF 00 00 20 38 00 00 
00 00 00 00 20 3A 00 00 00 00 00 00 20 3C 00 00 BE 00 00 00 20 3E 00 00 40 AF 00 00 20 40 00 00 0F FE 00 00 20 38 00 00 
00 00 00 00 20 3A 00 00 00 00 00 00 20 3C 00 00 00 00 00 00 20 3E 00 00 40 34 00 00 20 40 00 00 08 2B 00 00 20 38 00 00 
68 F1 00 00 20 3A 00 00 88 E3 00 00 20 3C 00 00 F8 B5 00 00 20 3E 00 00 40 A4 00 00 20 40 00 00 08 2C 00 00 20 38 00 00 
00 00 00 00 20 3A 00 00 00 00 00 00 20 3C 00 00 00 00 00 00 20 3E 00 00 40 00 00 00 20 40 00 00 08 2D 00 00 20 38 00 00 
00 00 00 00 20 3A 00 00 00 00 00 00 20 3C 00 00 00 00 00 00 20 3E 00 00 40 40 00 00 20 40 00 00 08 2E 00 00 20 38 00 00 
00 00 00 00 20 3A 00 00 00 00 00 00 20 3C 00 00 48 00 00 00 20 3E 00 00 40 70 00 00 20 40 00 00 08 2F 00 00 20 38 00 00 
00 00 00 00 20 3A 00 00 00 00 00 00 20 3C 00 00 00 00 00 00 20 3E 00 00 40 59 00 00 20 40 00 00 08 30 00 00 20 38 00 00 
00 00 00 00 20 3A 00 00 00 00 00 00 20 3C 00 00 00 00 00 00 20 3E 00 00 40 10 00 00 20 40 00 00 08 31 00 00 20 38 00 00 
00 00 00 00 20 3A 00 00 00 00 00 00 20 3C 00 00 00 00 00 00 20 3E 00 00 40 1C 00 00 20 40 00 00 08 32 00 00 20 38 00 00 
00 00 00 00 20 3A 00 00 00 00 00 00 20 3C 00 00 80 00 00 00 20 3E 00 00 40 56 00 00 20 40 00 00 08 33 00 00 20 38 00 00 
6A 99 00 00 20 3A 00 00 16 C1 00 00 20 3C 00 00 C1 6C 00 00 20 3E 00 00 41 26 00 00 20 40 00 00 08 34 00 00 20 38 00 00 
00 00 00 00 20 3A 00 00 00 00 00 00 20 3C 00 00 00 00 00 00 20 3E 00 00 40 18 00 00 20 40 00 00 08 35 00 00 20 38 00 00 
00 00 00 00 20 3A 00 00 00 00 00 00 20 3C 00 00 00 00 00 00 20 3E 00 00 40 2C 00 00 20 40 00 00 08 36 00 00 20 38 00 00 
00 00 00 00 20 3A 00 00 00 00 00 00 20 3C 00 00 C2 40 00 00 20 3E 00 00 40 D3 00 00 20 40 00 00 08 37 00 00 20 38 00 00 
00 00 00 00 20 3A 00 00 00 00 00 00 20 3C 00 00 C0 00 00 00 20 3E 00 00 40 6B 00 00 20 40 00 00 08 38 00 00 20 38 00 00 
00 00 00 00 20 3A 00 00 00 00 00 00 20 3C 00 00 E0 00 00 00 20 3E 00 00 40 6F 00 00 20 40 00 00 08 39 00 00 20 40 08 39 
FF EF 00 00 20 22 00 00 BF FE 00 00 20 24 00 00 FE 82 00 00 20 26 00 00 01 0F 00 00 20 22 00 00 CF FD 00 00 20 24 00 00 
00 04 00 00 20 26 00 00 16 00 00 00 20 22 00 00 0F FD 00 00 20 24 00 00 00 00 00 00 20 26 00 00 2E 00 00 00 20 22 00 00 
DF FF 00 00 20 24 00 00 F9 FF 00 00 20 26 00 00 14 8F 00 00 20 22 00 00 0F FD 00 00 20 24 00 00 00 82 00 00 20 26 00 00 
14 00 00 00 20 22 00 00 CF FA 00 00 20 24 00 00 00 82 00 00 20 26 00 00 14 00 00 00 20 22 00 00 AF FD 00 00 20 24 00 00 
FC FF 00 00 20 26 00 00 02 0F 00 00 20 22 00 00 CF FF 00 00 20 24 00 00 F5 FF 00 00 20 26 00 00 14 8F 00 00 20 22 00 00 
FF FD 00 00 20 24 00 00 F5 FF 00 00 20 26 00 00 15 4F 00 00 20 22 00 00 DF FF 00 00 20 24 00 00 FB FF 00 00 20 26 00 00 
14 8F 00 00 20 22 00 00 0F FD 00 00 20 24 00 00 00 00 00 00 20 26 00 00 2C 00 00 00 20 22 00 00 DF FF 00 00 20 24 00 00 
FA FF 00 00 20 26 00 00 14 8F 00 00 20 22 00 00 00 B8 00 00 20 24 00 00 00 00 00 00 20 26 00 00 16 00 00 00 20 22 00 00 
00 87 00 00 20 24 00 00 00 00 00 00 20 26 00 00 16 00 00 00 20 22 00 00 FF F9 00 00 20 24 00 00 F9 FF 00 00 20 26 00 00 
15 4F 00 00 20 22 00 00 FF F9 00 00 20 24 00 00 FA FF 00 00 20 26 00 00 15 CF 00 00 20 22 00 00 F0 6C 00 00 20 24 00 00 
00 0F 00 00 20 26 00 00 16 00 00 00 20 22 00 00 0F FD 00 00 20 24 00 00 00 00 00 00 20 26 00 00 16 00 00 00 20 22 00 00 
1F FD 00 00 20 24 00 00 00 00 00 00 20 26 00 00 08 00 00 00 20 22 00 00 40 00 00 00 20 24 00 00 00 01 00 00 20 26 00 00 
0A 00 00 00 20 22 00 00 1F FD 00 00 20 24 00 00 00 82 00 00 20 26 00 00 14 00 00 00 20 22 00 00 AF FE 00 00 20 24 00 00 
FE 82 00 00 20 26 00 00 01 0F 00 00 20 22 00 00 DF FE 00 00 20 24 00 00 00 FF 00 00 20 26 00 00 14 80 00 00 20 22 00 00 
1F FD 00 00 20 24 00 00 00 00 00 00 20 26 00 00 16 00 00 00 20 22 00 00 AF FE 00 00 20 24 00 00 FE 82 00 00 20 26 00 00 
01 0F 00 00 20 22 00 00 DF FE 00 00 20 24 00 00 00 FF 00 00 20 26 00 00 14 80 00 00 20 22 00 00 AF FE 00 00 20 24 00 00 
FE 82 00 00 20 26 00 00 01 0F 00 00 20 22 00 00 8F FE 00 00 20 24 00 00 00 FF 00 00 20 26 00 00 14 80 00 00 20 22 00 00 
C0 00 00 00 20 24 00 00 00 06 00 00 20 26 00 00 0A 00 00 00 20 22 00 00 DF FA 00 00 20 24 00 00 00 82 00 00 20 26 00 00 
14 00 00 00 20 22 00 00 AF FE 00 00 20 24 00 00 FE FF 00 00 20 26 00 00 00 0F 00 00 20 22 00 00 DF FF 00 00 20 24 00 00 
F4 FF 00 00 20 26 00 00 14 8F 00 00 20 22 00 00 3F FD 00 00 20 24 00 00 00 82 00 00 20 26 00 00 14 00 00 00 20 22 00 00 
2F FA 00 00 20 24 00 00 00 82 00 00 20 26 00 00 14 00 00 00 20 22 00 00 AF FD 00 00 20 24 00 00 FC FF 00 00 20 26 00 00 
00 0F 00 00 20 22 00 00 CF FF 00 00 20 24 00 00 F3 FF 00 00 20 26 00 00 14 8F 00 00 20 22 00 00 FF FD 00 00 20 24 00 00 
F3 FF 00 00 20 26 00 00 15 4F 00 00 20 22 00 00 DF FF 00 00 20 24 00 00 FC FF 00 00 20 26 00 00 14 8F 00 00 20 22 00 00 
AF FE 00 00 20 24 00 00 FE 82 00 00 20 26 00 00 01 0F 00 00 20 22 00 00 DF FE 00 00 20 24 00 00 00 FF 00 00 20 26 00 00 
14 80 00 00 20 22 00 00 4F FD 00 00 20 24 00 00 00 82 00 00 20 26 00 00 14 00 00 00 20 22 00 00 AF FE 00 00 20 24 00 00 
FE 82 00 00 20 26 00 00 01 0F 00 00 20 22 00 00 DF FE 00 00 20 24 00 00 00 FF 00 00 20 26 00 00 14 80 00 00 20 22 00 00 
AF FE 00 00 20 24 00 00 FE 82 00 00 20 26 00 00 01 0F 00 00 20 22 00 00 8F FE 00 00 20 24 00 00 00 FF 00 00 20 26 00 00 
14 80 00 00 20 22 00 00 E0 00 00 00 20 24 00 00 00 08 00 00 20 26 00 00 0A 00 00 00 20 22 00 00 DF FA 00 00 20 24 00 00 
00 82 00 00 20 26 00 00 14 00 00 00 20 22 00 00 AF FE 00 00 20 24 00 00 FE FF 00 00 20 26 00 00 00 0F 00 00 20 22 00 00 
DF FF 00 00 20 24 00 00 F2 FF 00 00 20 26 00 00 14 8F 00 00 20 22 00 00 DF FF 00 00 20 24 00 00 FE FF 00 00 20 26 00 00 
14 8F 00 00 20 22 00 00 EF FD 00 00 20 24 00 00 00 07 00 00 20 26 00 00 16 00 00 00 20 22 00 00 0F FD 00 00 20 24 00 00 
00 00 00 00 20 26 00 00 2E 00 00 00 20 22 00 00 DF FF 00 00 20 24 00 00 F6 FF 00 00 20 26 00 00 14 8F 00 00 20 22 00 00 
5F FD 00 00 20 24 00 00 00 82 00 00 20 26 00 00 14 00 00 00 20 22 00 00 EF FA 00 00 20 24 00 00 00 82 00 00 20 26 00 00 
14 00 00 00 20 22 00 00 AF FD 00 00 20 24 00 00 FC FF 00 00 20 26 00 00 02 0F 00 00 20 22 00 00 CF FF 00 00 20 24 00 00 
F1 FF 00 00 20 26 00 00 14 8F 00 00 20 22 00 00 FF FD 00 00 20 24 00 00 F1 FF 00 00 20 26 00 00 15 4F 00 00 20 22 00 00 
DF FF 00 00 20 24 00 00 F8 FF 00 00 20 26 00 00 14 8F 00 00 20 22 00 00 0F FD 00 00 20 24 00 00 00 00 00 00 20 26 00 00 
2C 00 00 00 20 22 00 00 DF FF 00 00 20 24 00 00 F7 FF 00 00 20 26 00 00 14 8F 00 00 20 22 00 00 FF F9 00 00 20 24 00 00 
F6 FF 00 00 20 26 00 00 15 4F 00 00 20 22 00 00 FF F9 00 00 20 24 00 00 F7 FF 00 00 20 26 00 00 15 CF 00 00 20 22 00 00 
0F FD 00 00 20 24 00 00 00 00 00 00 20 26 00 00 16 00 00 00 20 22 00 00 2F FD 00 00 20 24 00 00 00 03 00 00 20 26 00 00 
08 00 00 00 20 22 00 00 20 00 00 00 20 24 00 00 00 04 00 00 20 26 00 00 0A 00 00 00 20 22 00 00 FF FD 00 00 20 24 00 00 
00 82 00 00 20 26 00 00 14 00 00 00 20 22 00 00 6F FA 00 00 20 24 00 00 00 82 00 00 20 26 00 00 14 00 00 00 20 22 00 00 
AF FD 00 00 20 24 00 00 FC FF 00 00 20 26 00 00 01 0F 00 00 20 22 00 00 CF FF 00 00 20 24 00 00 F0 FF 00 00 20 26 00 00 
14 8F 00 00 20 22 00 00 FF FD 00 00 20 24 00 00 F0 FF 00 00 20 26 00 00 15 4F 00 00 20 22 00 00 7F FA 00 00 20 24 00 00 
00 82 00 00 20 26 00 00 14 00 00 00 20 22 00 00 AF FD 00 00 20 24 00 00 FC FF 00 00 20 26 00 00 00 0F 00 00 20 22 00 00 
CF FF 00 00 20 24 00 00 EF FF 00 00 20 26 00 00 14 8F 00 00 20 22 00 00 FF FD 00 00 20 24 00 00 EF FF 00 00 20 26 00 00 
15 4F 00 00 20 22 00 00 DF FF 00 00 20 24 00 00 FF FF 00 00 20 26 00 00 14 8F 00 00 20 22 00 00 00 01 00 00 20 24 00 00 
00 00 00 00 20 26 00 00 12 00 00 00 20 22 00 00 00 00 00 00 20 24 00 00 00 00 00 00 20 26 00 00 1C 00 00 00 20 22 00 00 
00 01 00 00 20 24 00 00 00 00 00 00 20 26 00 00 12 00 00 00 20 22 00 00 FF FD 00 00 20 24 00 00 FF FF 00 00 20 26 00 00 
15 4F 00 00 20 22 00 00 8F FA 00 00 20 24 00 00 00 82 00 00 20 26 00 00 14 00 00 00 20 22 00 00 AF FD 00 00 20 24 00 00 
FC FF 00 00 20 26 00 00 00 0F 00 00 20 22 00 00 CF FF 00 00 20 24 00 00 EE FF 00 00 20 26 00 00 14 8F 00 00 20 22 00 00 
FF FD 00 00 20 24 00 00 EE FF 00 00 20 26 00 00 15 4F 00 00 20 22 00 00 DF FF 00 00 20 24 00 00 FD FF 00 00 20 26 00 00 
14 8F 00 00 20 22 00 00 0F FA 00 00 20 24 00 00 00 83 00 00 20 26 00 00 14 00 00 00 20 22 00 00 AF FD 00 00 20 24 00 00 
FC FF 00 00 20 26 00 00 02 0F 00 00 20 22 00 00 CF FF 00 00 20 24 00 00 ED FF 00 00 20 26 00 00 14 8F 00 00 20 22 00 00 
DF FF 00 00 20 24 00 00 00 FE 00 00 20 26 00 00 28 00 00 00 20 22 00 00 FF FD 00 00 20 24 00 00 FE FF 00 00 20 26 00 00 
15 4F 00 00 20 22 00 00 AF FE 00 00 20 24 00 00 FE 82 00 00 20 26 00 00 01 0F 00 00 20 22 00 00 DF FE 00 00 20 24 00 00 
00 FF 00 00 20 26 00 00 14 80 00 00 20 22 00 00 9F FD 00 00 20 24 00 00 00 82 00 00 20 26 00 00 14 00 00 00 20 22 00 00 
AF FE 00 00 20 24 00 00 FE 82 00 00 20 26 00 00 01 0F 00 00 20 22 00 00 DF FE 00 00 20 24 00 00 00 FF 00 00 20 26 00 00 
14 80 00 00 20 22 00 00 6F FD 00 00 20 24 00 00 00 82 00 00 20 26 00 00 14 00 00 00 20 22 00 00 AF FE 00 00 20 24 00 00 
FE 82 00 00 20 26 00 00 01 0F 00 00 20 22 00 00 DF FE 00 00 20 24 00 00 00 FF 00 00 20 26 00 00 14 80 00 00 20 22 00 00 
0F FD 00 00 20 24 00 00 00 0F 00 00 20 26 00 00 16 00 00 00 20 22 00 00 AF FE 00 00 20 24 00 00 FE 82 00 00 20 26 00 00 
01 0F 00 00 20 22 00 00 DF FE 00 00 20 24 00 00 00 FF 00 00 20 26 00 00 14 80 00 00 20 22 00 00 AF FE 00 00 20 24 00 00 
FE 82 00 00 20 26 00 00 01 0F 00 00 20 22 00 00 8F FE 00 00 20 24 00 00 00 FF 00 00 20 26 00 00 14 80 00 00 20 22 00 00 
C0 00 00 00 20 24 00 00 00 0A 00 00 20 26 00 00 0A 00 00 00 20 22 00 00 1F FA 00 00 20 24 00 00 00 83 00 00 20 26 00 00 
14 00 00 00 20 22 00 00 AF FE 00 00 20 24 00 00 FE FF 00 00 20 26 00 00 00 0F 00 00 20 22 00 00 DF FF 00 00 20 24 00 00 
EC FF 00 00 20 26 00 00 14 8F 00 00 20 22 00 00 10 00 00 00 20 24 00 00 00 00 00 00 20 26 00 00 0A 00 00 00 20 22 00 00 
AF FE 00 00 20 24 00 00 FE 82 00 00 20 26 00 00 01 0F 00 00 20 22 00 00 FF FE 00 00 20 24 00 00 00 FF 00 00 20 26 00 00 
14 80 00 00 20 22 00 00 EF FF 00 00 20 24 00 00 00 FF 00 00 20 26 00 00 14 00 00 00 20 22 00 00 2F FE 00 00 20 24 00 00 
FE 83 00 00 20 26 00 00 01 0F 00 00 20 22 00 00 FF FD 00 00 20 24 00 00 02 FF 00 00 20 26 00 00 15 40 00 00 20 22 00 00 
0F FD 00 00 20 24 00 00 00 00 00 00 20 26 00 00 2E 00 00 00 20 22 00 00 DF FF 00 00 20 24 00 00 FE FF 00 00 20 26 00 00 
14 8F 00 00 20 22 00 00 DF FA 00 00 20 24 00 00 00 82 00 00 20 26 00 00 14 00 00 00 20 22 00 00 AF FD 00 00 20 24 00 00 
FC FF 00 00 20 26 00 00 02 0F 00 00 20 22 00 00 CF FF 00 00 20 24 00 00 FB FF 00 00 20 26 00 00 14 8F 00 00 20 22 00 00 
3F FD 00 00 20 24 00 00 00 83 00 00 20 26 00 00 14 00 00 00 20 22 00 00 FF FA 00 00 20 24 00 00 FB FF 00 00 20 26 00 00 
15 4F 00 00 20 22 00 00 AF FD 00 00 20 24 00 00 FC FF 00 00 20 26 00 00 00 0F 00 00 20 22 00 00 CF FF 00 00 20 24 00 00 
FA FF 00 00 20 26 00 00 14 8F 00 00 20 22 00 00 FF FD 00 00 20 24 00 00 FA FF 00 00 20 26 00 00 15 4F 00 00 20 22 00 00 
DF FF 00 00 20 24 00 00 FF FF 00 00 20 26 00 00 14 8F 00 00 20 22 00 00 FF FD 00 00 20 24 00 00 03 FF 00 00 20 26 00 00 
15 40 00 00 20 22 00 00 4F FA 00 00 20 24 00 00 00 83 00 00 20 26 00 00 14 00 00 00 20 22 00 00 AF FD 00 00 20 24 00 00 
FC FF 00 00 20 26 00 00 02 0F 00 00 20 22 00 00 CF FF 00 00 20 24 00 00 F9 FF 00 00 20 26 00 00 14 8F 00 00 20 22 00 00 
FF FD 00 00 20 24 00 00 F9 FF 00 00 20 26 00 00 15 4F 00 00 20 22 00 00 DF FF 00 00 20 24 00 00 FD FF 00 00 20 26 00 00 
14 8F 00 00 20 22 00 00 0F FD 00 00 20 24 00 00 00 00 00 00 20 26 00 00 2C 00 00 00 20 22 00 00 DF FF 00 00 20 24 00 00 
FC FF 00 00 20 26 00 00 14 8F 00 00 20 22 00 00 00 87 00 00 20 24 00 00 00 00 00 00 20 26 00 00 16 00 00 00 20 22 00 00 
FF F9 00 00 20 24 00 00 FF FF 00 00 20 26 00 00 15 4F 00 00 20 22 00 00 FF F9 00 00 20 24 00 00 FC FF 00 00 20 26 00 00 
15 CF 00 00 20 22 00 00 F0 6C 00 00 20 24 00 00 0F FF 00 00 20 26 00 00 16 00 00 00 20 22 00 00 FF FE 00 00 20 24 00 00 
00 FF 00 00 20 26 00 00 14 00 00 00 20 22 00 00 EF FF 00 00 20 24 00 00 00 FF 00 00 20 26 00 00 15 40 00 00 20 22 00 00 
AF FE 00 00 20 24 00 00 FE 82 00 00 20 26 00 00 00 0F 00 00 20 22 00 00 EF F8 00 00 20 24 00 00 00 FF 00 00 20 26 00 00 
15 40 00 00 20 22 00 00 AF FE 00 00 20 24 00 00 FE 82 00 00 20 26 00 00 00 0F 00 00 20 22 00 00 80 00 00 00 20 24 00 00 
00 FF 00 00 20 26 00 00 0B 00 00 00 20 22 00 00 AF FE 00 00 20 24 00 00 FE 82 00 00 20 26 00 00 01 0F 00 00 20 22 00 00 
FF FE 00 00 20 24 00 00 00 FF 00 00 20 26 00 00 14 80 00 00 20 22 00 00 EF FF 00 00 20 24 00 00 00 FF 00 00 20 26 00 00 
14 00 00 00 20 22 00 00 5F FE 00 00 20 24 00 00 FE 83 00 00 20 26 00 00 01 0F 00 00 20 22 00 00 FF FD 00 00 20 24 00 00 
03 FF 00 00 20 26 00 00 15 40 00 00 20 22 00 00 0F FD 00 00 20 24 00 00 00 00 00 00 20 26 00 00 2C 00 00 00 20 22 00 00 
DF FF 00 00 20 24 00 00 FC FF 00 00 20 26 00 00 14 8F 00 00 20 22 00 00 F0 6D 00 00 20 24 00 00 FC FF 00 00 20 26 00 00 
15 4F 00 00 20 22 00 00 F0 6F 00 00 20 24 00 00 FC FF 00 00 20 26 00 00 15 4F 00 00 20 22 00 00 F0 71 00 00 20 24 00 00 
FC FF 00 00 20 26 00 00 15 4F 00 00 20 22 00 00 F0 73 00 00 20 24 00 00 FC FF 00 00 20 26 00 00 15 4F 00 00 20 22 00 00 
F0 75 00 00 20 24 00 00 FC FF 00 00 20 26 00 00 15 4F 00 00 20 22 00 00 F0 77 00 00 20 24 00 00 FC FF 00 00 20 26 00 00 
15 4F 00 00 20 22 00 00 F0 79 00 00 20 24 00 00 FC FF 00 00 20 26 00 00 15 4F 00 00 20 22 00 00 F0 7B 00 00 20 24 00 00 
FC FF 00 00 20 26 00 00 15 4F 00 00 20 22 00 00 FF FD 00 00 20 24 00 00 03 FF 00 00 20 26 00 00 15 40 00 00 20 22 00 00 
FF FA 00 00 20 24 00 00 02 FF 00 00 20 26 00 00 15 40 00 00 20 22 00 00 AF FD 00 00 20 24 00 00 FC FF 00 00 20 26 00 00 
02 0F 00 00 20 22 00 00 CF FF 00 00 20 24 00 00 FA FF 00 00 20 26 00 00 14 8F 00 00 20 22 00 00 FF FD 00 00 20 24 00 00 
FA FF 00 00 20 26 00 00 15 4F 00 00 20 22 00 00 DF FF 00 00 20 24 00 00 FD FF 00 00 20 26 00 00 14 8F 00 00 20 22 00 00 
DF FF 00 00 20 24 00 00 FB FF 00 00 20 26 00 00 14 8F 00 00 20 22 00 00 50 00 00 00 20 24 00 00 00 0A 00 00 20 26 00 00 
0A 00 00 00 20 22 00 00 FF FD 00 00 20 24 00 00 FB FF 00 00 20 26 00 00 15 4F 00 00 20 22 00 00 FF FE 00 00 20 24 00 00 
00 FF 00 00 20 26 00 00 14 00 00 00 20 22 00 00 EF FF 00 00 20 24 00 00 00 FF 00 00 20 26 00 00 15 40 00 00 20 22 00 00 
AF FE 00 00 20 24 00 00 FE 82 00 00 20 26 00 00 00 0F 00 00 20 22 00 00 EF F8 00 00 20 24 00 00 00 FF 00 00 20 26 00 00 
15 40 00 00 20 22 00 00 AF FE 00 00 20 24 00 00 FE 82 00 00 20 26 00 00 00 0F 00 00 20 22 00 00 80 00 00 00 20 24 00 00 
00 FF 00 00 20 26 00 00 0B 00 00 00 20 22 00 00 AF FE 00 00 20 24 00 00 FE 82 00 00 20 26 00 00 01 0F 00 00 20 22 00 00 
FF FE 00 00 20 24 00 00 00 FF 00 00 20 26 00 00 14 80 00 00 20 22 00 00 EF FF 00 00 20 24 00 00 00 FF 00 00 20 26 00 00 
14 00 00 00 20 22 00 00 6F FE 00 00 20 24 00 00 FE 83 00 00 20 26 00 00 01 0F 00 00 20 22 00 00 7F FD 00 00 20 24 00 00 
00 83 00 00 20 26 00 00 14 00 00 00 20 22 00 00 DF FF 00 00 20 24 00 00 FE FF 00 00 20 26 00 00 14 8F 00 00 20 22 00 00 
10 04 00 00 20 24 00 00 00 00 00 00 20 26 00 00 16 00 00 00 20 22 00 00 FF FD 00 00 20 24 00 00 03 FF 00 00 20 26 00 00 
15 40 00 00 20 22 00 00 DF FF 00 00 20 24 00 00 FA FF 00 00 20 26 00 00 14 8F 00 00 20 22 00 00 0F FA 00 00 20 24 00 00 
00 83 00 00 20 26 00 00 14 00 00 00 20 22 00 00 AF FD 00 00 20 24 00 00 FC FF 00 00 20 26 00 00 02 0F 00 00 20 22 00 00 
CF FF 00 00 20 24 00 00 F7 FF 00 00 20 26 00 00 14 8F 00 00 20 22 00 00 FF FD 00 00 20 24 00 00 F7 FF 00 00 20 26 00 00 
15 4F 00 00 20 22 00 00 8F FA 00 00 20 24 00 00 00 83 00 00 20 26 00 00 14 00 00 00 20 22 00 00 AF FD 00 00 20 24 00 00 
FC FF 00 00 20 26 00 00 01 0F 00 00 20 22 00 00 CF FF 00 00 20 24 00 00 F6 FF 00 00 20 26 00 00 14 8F 00 00 20 22 00 00 
FF FD 00 00 20 24 00 00 F6 FF 00 00 20 26 00 00 15 4F 00 00 20 22 00 00 DF FF 00 00 20 24 00 00 FB FF 00 00 20 26 00 00 
14 8F 00 00 20 22 00 00 BF FF 00 00 20 24 00 00 00 FF 00 00 20 26 00 00 0C 00 00 00 20 22 00 00 0F FD 00 00 20 24 00 00 
00 00 00 00 20 26 00 00 16 00 00 00 20 22 00 00 3F FD 00 00 20 24 00 00 00 0B 00 00 20 26 00 00 08 00 00 00 20 22 00 00 
20 00 00 00 20 24 00 00 00 0C 00 00 20 26 00 00 0A 00 00 00 20 22 00 00 00 00 00 00 20 24 00 00 00 00 00 00 20 26 00 00 
29 00 00 00 20 22 00 00 F0 43 00 00 20 24 00 00 00 0F 00 00 20 26 00 00 16 00 00 00 20 22 00 00 00 43 00 00 20 24 00 00 
00 00 00 00 20 26 00 00 16 00 00 00 20 22 00 00 F0 7D 00 00 20 24 00 00 02 FF 00 00 20 26 00 00 15 40 00 00 20 22 00 00 
00 6C 00 00 20 24 00 00 00 00 00 00 20 26 00 00 16 00 00 00 20 22 00 00 FF FD 00 00 20 24 00 00 02 FF 00 00 20 26 00 00 
15 40 00 00 20 22 00 00 0F FD 00 00 20 24 00 00 00 00 00 00 20 26 00 00 2E 00 00 00 20 22 00 00 DF FF 00 00 20 24 00 00 
FD FF 00 00 20 26 00 00 14 8F 00 00 20 22 00 00 9F FD 00 00 20 24 00 00 00 83 00 00 20 26 00 00 14 00 00 00 20 22 00 00 
FF FA 00 00 20 24 00 00 FD FF 00 00 20 26 00 00 15 4F 00 00 20 22 00 00 AF FD 00 00 20 24 00 00 FC FF 00 00 20 26 00 00 
01 0F 00 00 20 22 00 00 CF FF 00 00 20 24 00 00 F5 FF 00 00 20 26 00 00 14 8F 00 00 20 22 00 00 FF FD 00 00 20 24 00 00 
F5 FF 00 00 20 26 00 00 15 4F 00 00 20 22 00 00 DF FF 00 00 20 24 00 00 FC FF 00 00 20 26 00 00 14 8F 00 00 20 22 00 00 
0F FD 00 00 20 24 00 00 00 00 00 00 20 26 00 00 2C 00 00 00 20 22 00 00 DF FF 00 00 20 24 00 00 FF FF 00 00 20 26 00 00 
14 8F 00 00 20 22 00 00 FF FD 00 00 20 24 00 00 05 FF 00 00 20 26 00 00 15 40 00 00 20 22 00 00 0F FA 00 00 20 24 00 00 
00 83 00 00 20 26 00 00 14 00 00 00 20 22 00 00 AF FD 00 00 20 24 00 00 FC FF 00 00 20 26 00 00 02 0F 00 00 20 22 00 00 
CF FF 00 00 20 24 00 00 F4 FF 00 00 20 26 00 00 14 8F 00 00 20 22 00 00 4F FF 00 00 20 24 00 00 00 FF 00 00 20 26 00 00 
28 00 00 00 20 22 00 00 FF FD 00 00 20 24 00 00 04 FF 00 00 20 26 00 00 15 40 00 00 20 22 00 00 DF FF 00 00 20 24 00 00 
F8 FF 00 00 20 26 00 00 14 8F 00 00 20 22 00 00 0F FA 00 00 20 24 00 00 00 83 00 00 20 26 00 00 14 00 00 00 20 22 00 00 
AF FD 00 00 20 24 00 00 FC FF 00 00 20 26 00 00 02 0F 00 00 20 22 00 00 CF FF 00 00 20 24 00 00 F3 FF 00 00 20 26 00 00 
14 8F 00 00 20 22 00 00 FF FD 00 00 20 24 00 00 F3 FF 00 00 20 26 00 00 15 4F 00 00 20 22 00 00 8F FA 00 00 20 24 00 00 
00 83 00 00 20 26 00 00 14 00 00 00 20 22 00 00 AF FD 00 00 20 24 00 00 FC FF 00 00 20 26 00 00 01 0F 00 00 20 22 00 00 
CF FF 00 00 20 24 00 00 F2 FF 00 00 20 26 00 00 14 8F 00 00 20 22 00 00 FF FD 00 00 20 24 00 00 F2 FF 00 00 20 26 00 00 
15 4F 00 00 20 22 00 00 DF FF 00 00 20 24 00 00 F9 FF 00 00 20 26 00 00 14 8F 00 00 20 22 00 00 9F FF 00 00 20 24 00 00 
00 FF 00 00 20 26 00 00 0C 00 00 00 20 22 00 00 0F FD 00 00 20 24 00 00 00 00 00 00 20 26 00 00 16 00 00 00 20 22 00 00 
7F FD 00 00 20 24 00 00 00 0D 00 00 20 26 00 00 08 00 00 00 20 22 00 00 60 00 00 00 20 24 00 00 00 0E 00 00 20 26 00 00 
0A 00 00 00 20 22 00 00 00 04 00 00 20 24 00 00 00 00 00 00 20 26 00 00 16 00 00 00 20 22 00 00 00 00 00 00 20 24 00 00 
00 00 00 00 20 26 00 00 2A 00 00 00 20 22 00 00 FF FE 00 00 20 24 00 00 00 FF 00 00 20 26 00 00 14 00 00 00 20 22 00 00 
EF FF 00 00 20 24 00 00 00 FF 00 00 20 26 00 00 15 40 00 00 20 22 00 00 AF FE 00 00 20 24 00 00 FE 82 00 00 20 26 00 00 
00 0F 00 00 20 22 00 00 EF F8 00 00 20 24 00 00 00 FF 00 00 20 26 00 00 15 40 00 00 20 22 00 00 AF FE 00 00 20 24 00 00 
FE 82 00 00 20 26 00 00 00 0F 00 00 20 22 00 00 80 00 00 00 20 24 00 00 00 FF 00 00 20 26 00 00 0B 00 EB 
17:49:59 发送par中参数指令：
24 45 54 53 04 03 A3 FF FF FF 00 00 04 9C 00 00 00 00 00 00 04 9E 00 00 00 00 00 00 04 A0 00 00 00 00 00 00 04 A2 00 00 
00 00 00 00 04 A4 00 00 08 20 00 00 04 5C 00 00 00 00 00 00 04 5E 00 00 00 00 00 00 04 60 00 00 00 00 00 00 04 62 00 00 
00 00 00 00 04 64 00 00 08 20 00 00 02 3E 00 00 00 00 00 00 02 40 00 00 00 00 00 00 02 42 00 00 00 00 00 00 02 44 00 00 
00 00 00 00 02 46 00 00 08 20 00 00 01 14 00 00 00 00 00 00 01 16 00 00 00 00 00 00 01 18 00 00 40 00 00 00 01 1A 00 00 
40 7F 00 00 01 1C 00 00 08 22 00 00 01 14 00 00 00 00 00 00 01 16 00 00 00 00 00 00 01 18 00 00 00 00 00 00 01 1A 00 00 
3F F0 00 00 01 1C 00 00 08 20 00 00 20 38 00 00 00 00 00 00 20 3A 00 00 00 00 00 00 20 3C 00 00 00 00 00 00 20 3E 00 00 
40 B0 00 00 20 40 00 00 08 22 00 00 01 14 00 00 00 00 00 00 01 16 00 00 00 00 00 00 01 18 00 00 00 00 00 00 01 1A 00 00 
3F F0 00 00 01 1C 00 00 08 21 00 00 20 38 00 00 00 00 00 00 20 3A 00 00 00 00 00 00 20 3C 00 00 00 00 00 00 20 3E 00 00 
40 3E 00 00 20 40 00 00 08 23 00 00 06 36 00 00 00 00 00 00 06 38 00 00 00 00 00 00 06 3A 00 00 00 00 00 00 06 3C 00 00 
40 24 00 00 06 3E 00 00 08 23 00 00 20 38 00 00 00 00 00 00 20 3A 00 00 00 00 00 00 20 3C 00 00 00 00 00 00 20 3E 00 00 
40 59 00 00 20 40 00 00 08 27 00 00 06 36 00 00 00 00 00 00 06 38 00 00 00 00 00 00 06 3A 00 00 00 00 00 00 06 3C 00 00 
40 59 00 00 06 3E 00 00 08 24 00 00 20 38 00 00 00 00 00 00 20 3A 00 00 00 00 00 00 20 3C 00 00 00 00 00 00 20 3E 00 00 
3F E0 00 00 20 40 00 00 08 25 00 00 20 38 00 00 00 00 00 00 20 3A 00 00 00 00 00 00 20 3C 00 00 00 00 00 00 20 3E 00 00 
00 00 00 00 20 40 00 00 08 20 00 00 20 38 00 00 00 00 00 00 20 3A 00 00 00 00 00 00 20 3C 00 00 00 00 00 00 20 3E 00 00 
00 00 00 00 20 40 00 00 08 21 00 00 20 38 00 00 00 00 00 00 20 3A 00 00 00 00 00 00 20 3C 00 00 00 00 00 00 20 3E 00 00 
40 34 00 00 20 40 00 00 08 24 00 00 20 38 00 00 00 00 00 00 20 3A 00 00 00 00 00 00 20 3C 00 00 40 00 00 00 20 3E 00 00 
40 8F 00 00 20 40 00 00 08 28 00 00 20 38 00 00 00 00 00 00 20 3A 00 00 00 00 00 00 20 3C 00 00 00 00 00 00 20 3E 00 00 
40 24 00 00 20 40 00 00 08 29 00 00 20 38 00 00 00 00 00 00 20 3A 00 00 00 00 00 00 20 3C 00 00 00 00 00 00 20 3E 00 00 
40 24 00 00 20 40 00 00 08 26 00 00 06 36 00 00 00 00 00 00 06 38 00 00 00 00 00 00 06 3A 00 00 40 00 00 00 06 3C 00 00 
40 8F 00 00 06 3E 00 00 08 22 00 00 06 36 00 00 00 00 00 00 06 38 00 00 00 00 00 00 06 3A 00 00 00 00 00 00 06 3C 00 00 
40 24 00 00 06 3E 00 00 08 26 00 00 06 36 00 00 00 00 00 00 06 38 00 00 00 00 00 00 06 3A 00 00 00 00 00 00 06 3C 00 00 
40 24 00 00 06 3E 00 00 08 25 00 00 06 36 00 00 00 00 00 00 06 38 00 00 00 00 00 00 06 3A 00 00 00 00 00 00 06 3C 00 00 
00 00 00 00 06 3E 00 00 08 20 00 00 06 36 00 00 00 00 00 00 06 38 00 00 00 00 00 00 06 3A 00 00 00 00 00 00 06 3C 00 00 
00 00 00 00 06 3E 00 00 08 21 FF 
17:49:59 发送设置滤波器系数指令：
24 45 54 53 04 02 43 FF FF FF 00 00 20 86 00 00 00 01 00 00 20 86 00 00 00 00 00 00 20 78 00 00 00 14 00 00 20 7A 00 00 
00 02 00 00 20 7C 00 00 00 19 00 00 21 E2 00 00 00 00 00 00 20 72 00 00 8B 58 00 00 20 74 00 00 01 4F 00 00 20 76 00 00 
00 00 00 00 20 80 00 00 FF ED 00 00 20 82 00 00 00 03 00 00 20 80 00 00 FF 85 00 00 20 82 00 00 00 03 00 00 20 80 00 00 
FE 71 00 00 20 82 00 00 00 03 00 00 20 80 00 00 FC C5 00 00 20 82 00 00 00 03 00 00 20 80 00 00 FB B3 00 00 20 82 00 00 
00 03 00 00 20 80 00 00 FD AF 00 00 20 82 00 00 00 03 00 00 20 80 00 00 05 50 00 00 20 82 00 00 00 00 00 00 20 80 00 00 
13 34 00 00 20 82 00 00 00 00 00 00 20 80 00 00 24 64 00 00 20 82 00 00 00 00 00 00 20 80 00 00 32 DC 00 00 20 82 00 00 
00 00 00 00 20 80 00 00 38 88 00 00 20 82 00 00 80 00 00 00 20 80 00 00 0D 0A 00 00 20 82 00 00 00 06 00 00 20 80 00 00 
00 00 00 00 20 82 00 00 00 05 00 00 20 80 00 00 11 60 00 00 20 82 00 00 00 06 00 00 20 80 00 00 F2 72 00 00 20 82 00 00 
00 04 00 00 20 80 00 00 1A 23 00 00 20 82 00 00 00 06 00 00 20 80 00 00 00 00 00 00 20 82 00 00 00 05 00 00 20 80 00 00 
1A D1 00 00 20 82 00 00 00 06 00 00 20 80 00 00 E7 B7 00 00 20 82 00 00 00 04 00 00 20 80 00 00 A8 EF 00 00 20 82 00 00 
00 06 00 00 20 80 00 00 00 00 00 00 20 82 00 00 00 05 00 00 20 80 00 00 22 30 00 00 20 82 00 00 00 06 00 00 20 80 00 00 
DF 36 00 00 20 82 00 00 00 04 00 00 20 80 00 00 0A 0B 00 00 20 82 00 00 00 06 00 00 20 80 00 00 00 00 00 00 20 82 00 00 
00 05 00 00 20 80 00 00 08 D2 00 00 20 82 00 00 00 06 00 00 20 80 00 00 FB C3 00 00 20 82 00 00 00 04 00 00 20 80 00 00 
72 F9 00 00 20 82 00 00 00 04 00 00 20 80 00 00 4A 6D 00 00 20 82 00 00 00 04 00 00 20 80 00 00 1C 76 00 00 20 82 00 00 
00 04 00 00 20 80 00 00 01 E2 00 00 20 82 00 00 80 04 06 
17:49:59 发送使能发射DAC指令：
24 45 54 53 04 00 1B FF FF FF 00 00 06 1C 00 00 0F 0F 00 00 0B 1C 00 00 0F 0F 8B 
17:49:59 发送设置打开中断指令：
24 53 54 41 04 00 0B FF FF FF 92 
17:49:59 process is disable

17:49:59 发送设置seq start指令：
24 45 54 53 04 00 93 FF FF FF 00 00 20 48 00 00 00 FF 00 00 02 2E 00 00 00 00 00 00 02 2E 00 00 00 01 00 00 06 26 00 00 
00 00 00 00 06 26 00 00 00 01 00 00 0B 26 00 00 00 00 00 00 0B 26 00 00 00 01 00 00 20 28 00 00 00 00 00 00 20 28 00 00 
00 01 00 00 24 28 00 00 00 00 00 00 24 28 00 00 00 01 00 00 28 28 00 00 00 00 00 00 28 28 00 00 00 01 00 00 2C 28 00 00 
00 00 00 00 2C 28 00 00 00 01 00 00 01 08 00 00 00 00 00 00 01 08 00 00 00 01 99 
17:49:59 发送设置单个寄存器查询指令：
24 45 54 52 01 00 0F FF FF FF 50 00 01 24 E3 
17:49:59 发送设置关闭中断指令：
24 44 4F 4E 04 00 0B FF FF FF 91 
17:49:59 发送设置单个寄存器查询指令：
24 45 54 52 01 00 0F FF FF FF 50 00 01 24 E3 
17:50:1 process is disable

17:50:1 process is disable

17:50:1 process is disable

17:50:1 process is disable

17:50:1 process is disable

17:50:1 process is disable

17:50:1 process is disable

17:50:1 process is disable

17:50:1 process is disable

17:50:1 process is disable

17:50:1 process is disable

17:50:1 process is disable

17:50:1 process is disable

17:50:1 process is disable

17:50:1 process is disable

17:50:1 process is disable

17:50:1 process is disable

17:50:1 process is disable

17:50:1 process is disable

17:50:1 process is disable

17:50:1 process is disable

17:50:1 process is disable

17:50:1 process is disable

17:50:1 process is disable

17:50:1 process is disable

17:50:1 process is disable

17:50:1 process is disable

17:50:1 发送设置单个寄存器查询指令：
24 45 54 52 01 00 0F FF FF FF 50 00 01 24 E3 
